#
# There is insufficient memory for the Java Runtime Environment to continue.
# Native memory allocation (malloc) failed to allocate 355856 bytes for Chunk::new
# Possible reasons:
#   The system is out of physical RAM or swap space
#   In 32 bit mode, the process size limit was hit
# Possible solutions:
#   Reduce memory load on the system
#   Increase physical memory or swap space
#   Check if swap backing store is full
#   Use 64 bit Java on a 64 bit OS
#   Decrease Java heap size (-Xmx/-Xms)
#   Decrease number of Java threads
#   Decrease Java thread stack sizes (-Xss)
#   Set larger code cache with -XX:ReservedCodeCacheSize=
# This output file may be truncated or incomplete.
#
#  Out of Memory Error (allocation.cpp:390), pid=15668, tid=16412
#
# JRE version: Java(TM) SE Runtime Environment (8.0_60-b27) (build 1.8.0_60-b27)
# Java VM: Java HotSpot(TM) 64-Bit Server VM (25.60-b23 mixed mode windows-amd64 compressed oops)
# Failed to write core dump. Minidumps are not enabled by default on client versions of Windows
#

---------------  T H R E A D  ---------------

Current thread (0x0000000005bda800):  JavaThread "C2 CompilerThread0" daemon [_thread_in_native, id=16412, stack(0x0000000007240000,0x0000000007340000)]

Stack: [0x0000000007240000,0x0000000007340000]
[error occurred during error reporting (printing stack bounds), id 0xc0000005]

Native frames: (J=compiled Java code, j=interpreted, Vv=VM code, C=native code)


Current CompileTask:
C2:   5413  797   !   4       com.android.dx.rop.code.RegisterSpec::intern (70 bytes)


---------------  P R O C E S S  ---------------

Java Threads: ( => current thread )
  0x00000000076e1000 JavaThread "pool-2-thread-3" [_thread_in_Java, id=5264, stack(0x0000000007e40000,0x0000000007f40000)]
  0x00000000076dd800 JavaThread "pool-3-thread-1" [_thread_blocked, id=12896, stack(0x0000000007c40000,0x0000000007d40000)]
  0x0000000007545800 JavaThread "Service Thread" daemon [_thread_blocked, id=12408, stack(0x0000000007940000,0x0000000007a40000)]
  0x0000000005c3c000 JavaThread "C1 CompilerThread2" daemon [_thread_in_native, id=5560, stack(0x0000000007440000,0x0000000007540000)]
  0x0000000005be0800 JavaThread "C2 CompilerThread1" daemon [_thread_in_native, id=14484, stack(0x0000000007340000,0x0000000007440000)]
=>0x0000000005bda800 JavaThread "C2 CompilerThread0" daemon [_thread_in_native, id=16412, stack(0x0000000007240000,0x0000000007340000)]
  0x0000000005bd8000 JavaThread "Attach Listener" daemon [_thread_blocked, id=2428, stack(0x0000000007140000,0x0000000007240000)]
  0x0000000005bd6800 JavaThread "Signal Dispatcher" daemon [_thread_blocked, id=12472, stack(0x0000000007040000,0x0000000007140000)]
  0x0000000002501000 JavaThread "Finalizer" daemon [_thread_blocked, id=11988, stack(0x0000000006e40000,0x0000000006f40000)]
  0x00000000024fe800 JavaThread "Reference Handler" daemon [_thread_blocked, id=15992, stack(0x0000000006d40000,0x0000000006e40000)]
  0x000000000240e000 JavaThread "main" [_thread_blocked, id=6380, stack(0x00000000022d0000,0x00000000023d0000)]

Other Threads:
  0x0000000005ba7800 VMThread [stack: 0x0000000006c40000,0x0000000006d40000] [id=13332]
  0x000000000755a800 WatcherThread [stack: 0x0000000007a40000,0x0000000007b40000] [id=14172]

VM state:not at safepoint (normal execution)

VM Mutex/Monitor currently owned by a thread: None

Heap:
 PSYoungGen      total 57344K, used 17704K [0x00000000eab00000, 0x00000000eeb00000, 0x0000000100000000)
  eden space 49152K, 36% used [0x00000000eab00000,0x00000000ebc4a0e8,0x00000000edb00000)
  from space 8192K, 0% used [0x00000000ee300000,0x00000000ee300000,0x00000000eeb00000)
  to   space 8192K, 0% used [0x00000000edb00000,0x00000000edb00000,0x00000000ee300000)
 ParOldGen       total 131072K, used 0K [0x00000000c0000000, 0x00000000c8000000, 0x00000000eab00000)
  object space 131072K, 0% used [0x00000000c0000000,0x00000000c0000000,0x00000000c8000000)
 Metaspace       used 5631K, capacity 6704K, committed 6784K, reserved 1056768K
  class space    used 591K, capacity 616K, committed 640K, reserved 1048576K

Card table byte_map: [0x00000000028d0000,0x0000000002ae0000] byte_map_base: 0x00000000022d0000

Marking Bits: (ParMarkBitMap*) 0x00000000709ba5b0
 Begin Bits: [0x0000000003040000, 0x0000000004040000)
 End Bits:   [0x0000000004040000, 0x0000000005040000)

Polling page: 0x0000000002210000

CodeCache: size=245760Kb used=3085Kb max_used=3097Kb free=242674Kb
 bounds [0x000000000f010000, 0x000000000f320000, 0x000000001e010000]
 total_blobs=1058 nmethods=789 adapters=182
 compilation: enabled

Compilation events (10 events):
Event: 5.379 Thread 0x0000000005bda800  797   !   4       com.android.dx.rop.code.RegisterSpec::intern (70 bytes)
Event: 5.379 Thread 0x0000000005c3c000 nmethod 793 0x000000000f305c50 code [0x000000000f305e40, 0x000000000f306908]
Event: 5.379 Thread 0x0000000005c3c000  791       3       com.android.dx.cf.code.RopperMachine::getSources (264 bytes)
Event: 5.384 Thread 0x0000000005c3c000 nmethod 791 0x000000000f30ef90 code [0x000000000f30f5a0, 0x000000000f313f38]
Event: 5.384 Thread 0x0000000005c3c000  790   !   3       com.android.dx.cf.code.RopperMachine::run (1550 bytes)
Event: 5.393 Thread 0x0000000005be0800  799       4       com.android.dx.rop.type.Type::getBasicFrameType (60 bytes)
Event: 5.393 Thread 0x0000000005be0800 nmethod 799 0x000000000f29eed0 code [0x000000000f29f000, 0x000000000f29f078]
Event: 5.396 Thread 0x0000000005be0800  802       4       java.util.BitSet::<init> (56 bytes)
Event: 5.397 Thread 0x0000000005be0800 nmethod 802 0x000000000f2f8e90 code [0x000000000f2f8fe0, 0x000000000f2f9138]
Event: 5.400 Thread 0x0000000005be0800  803       4       java.util.BitSet::clear (70 bytes)

GC Heap History (0 events):
No events

Deoptimization events (2 events):
Event: 4.235 Thread 0x00000000076dc800 Uncommon trap: reason=unstable_if action=reinterpret pc=0x000000000f21cbbc method=java.util.HashMap.getNode(ILjava/lang/Object;)Ljava/util/HashMap$Node; @ 62
Event: 4.882 Thread 0x00000000076e1000 Uncommon trap: reason=unstable_if action=reinterpret pc=0x000000000f227874 method=java.util.BitSet.ensureCapacity(I)V @ 6

Internal exceptions (2 events):
Event: 0.066 Thread 0x000000000240e000 Exception <a 'java/lang/NoSuchMethodError': Method sun.misc.Unsafe.defineClass(Ljava/lang/String;[BII)Ljava/lang/Class; name or signature does not match> (0x00000000eab0d948) thrown at [C:\re\workspace\8-2-build-windows-amd64-cygwin\jdk8u60\4407\hotspot\srö5(<õ±?
Event: 0.067 Thread 0x000000000240e000 Exception <a 'java/lang/NoSuchMethodError': Method sun.misc.Unsafe.prefetchRead(Ljava/lang/Object;J)V name or signature does not match> (0x00000000eab0dc30) thrown at [C:\re\workspace\8-2-build-windows-amd64-cygwin\jdk8u60\4407\hotspot\src\share\vm\prims\j

Events (10 events):
Event: 4.276 Executing VM operation: EnableBiasedLocking
Event: 4.807 Executing VM operation: EnableBiasedLocking done
Event: 4.821 Thread 0x00000000076dc800 Thread exited: 0x00000000076dc800
Event: 4.849 loading class java/util/TreeMap$EntrySet
Event: 4.849 loading class java/util/TreeMap$EntrySet done
Event: 4.849 loading class java/util/TreeMap$EntryIterator
Event: 4.849 loading class java/util/TreeMap$EntryIterator done
Event: 4.882 Thread 0x00000000076e1000 Uncommon trap: trap_request=0xffffff65 fr.pc=0x000000000f227874
Event: 4.882 Thread 0x00000000076e1000 DEOPT PACKING pc=0x000000000f227874 sp=0x0000000007f3e870
Event: 4.882 Thread 0x00000000076e1000 DEOPT UNPACKING pc=0x000000000f05582a sp=0x0000000007f3e758 mode 2


Dynamic libraries:
0x00007ff7387d0000 - 0x00007ff738807000 	C:\Program Files\Java\jdk1.8.0_60\bin\java.exe
0x00007ffce3cc0000 - 0x00007ffce3e81000 	C:\WINDOWS\SYSTEM32\ntdll.dll
0x00007ffce32b0000 - 0x00007ffce335d000 	C:\WINDOWS\system32\KERNEL32.DLL
0x00007ffce0c20000 - 0x00007ffce0e08000 	C:\WINDOWS\system32\KERNELBASE.dll
0x00007ffce12f0000 - 0x00007ffce1397000 	C:\WINDOWS\system32\ADVAPI32.dll
0x00007ffce2fb0000 - 0x00007ffce304d000 	C:\WINDOWS\system32\msvcrt.dll
0x00007ffce13a0000 - 0x00007ffce13fb000 	C:\WINDOWS\system32\sechost.dll
0x00007ffce2a50000 - 0x00007ffce2b6c000 	C:\WINDOWS\system32\RPCRT4.dll
0x00007ffce1190000 - 0x00007ffce12e6000 	C:\WINDOWS\system32\USER32.dll
0x00007ffce2cd0000 - 0x00007ffce2e56000 	C:\WINDOWS\system32\GDI32.dll
0x00007ffcdad00000 - 0x00007ffcdaf74000 	C:\WINDOWS\WinSxS\amd64_microsoft.windows.common-controls_6595b64144ccf1df_6.0.10586.494_none_a2d8b04ea53e3145\COMCTL32.dll
0x00007ffce39b0000 - 0x00007ffce3c2d000 	C:\WINDOWS\system32\combase.dll
0x00007ffce0b90000 - 0x00007ffce0bfa000 	C:\WINDOWS\system32\bcryptPrimitives.dll
0x00007ffce2a10000 - 0x00007ffce2a4b000 	C:\WINDOWS\system32\IMM32.DLL
0x00007ffcdf2a0000 - 0x00007ffcdf2d1000 	C:\Windows\system32\nvinitx.dll
0x00007ffcdf290000 - 0x00007ffcdf29a000 	C:\WINDOWS\SYSTEM32\VERSION.dll
0x000000000f000000 - 0x000000000f006000 	C:\Program Files\NVIDIA Corporation\CoProcManager\_etoured.dll
0x00007ffcddf40000 - 0x00007ffcddf72000 	C:\Program Files\NVIDIA Corporation\CoProcManager\nvd3d9wrapx.dll
0x00007ffce3570000 - 0x00007ffce3999000 	C:\WINDOWS\system32\SETUPAPI.dll
0x00007ffce0fe0000 - 0x00007ffce1023000 	C:\WINDOWS\system32\CFGMGR32.dll
0x00007ffcddf10000 - 0x00007ffcddf32000 	C:\Program Files\NVIDIA Corporation\CoProcManager\nvdxgiwrapx.dll
0x000000006fd10000 - 0x000000006fde2000 	C:\Program Files\Java\jdk1.8.0_60\jre\bin\msvcr100.dll
0x00000000701b0000 - 0x0000000070a39000 	C:\Program Files\Java\jdk1.8.0_60\jre\bin\server\jvm.dll
0x00007ffce39a0000 - 0x00007ffce39a8000 	C:\WINDOWS\system32\PSAPI.DLL
0x00007ffccf600000 - 0x00007ffccf609000 	C:\WINDOWS\SYSTEM32\WSOCK32.dll
0x00007ffce31e0000 - 0x00007ffce324b000 	C:\WINDOWS\system32\WS2_32.dll
0x00007ffcde9c0000 - 0x00007ffcde9e3000 	C:\WINDOWS\SYSTEM32\WINMM.dll
0x00007ffcde960000 - 0x00007ffcde98c000 	C:\WINDOWS\SYSTEM32\WINMMBASE.dll
0x00000000701a0000 - 0x00000000701af000 	C:\Program Files\Java\jdk1.8.0_60\jre\bin\verify.dll
0x0000000070170000 - 0x0000000070199000 	C:\Program Files\Java\jdk1.8.0_60\jre\bin\java.dll
0x0000000070150000 - 0x0000000070166000 	C:\Program Files\Java\jdk1.8.0_60\jre\bin\zip.dll
0x00007ffce1400000 - 0x00007ffce295c000 	C:\WINDOWS\system32\SHELL32.dll
0x00007ffce03d0000 - 0x00007ffce0a15000 	C:\WINDOWS\system32\windows.storage.dll
0x00007ffce3250000 - 0x00007ffce32a2000 	C:\WINDOWS\system32\shlwapi.dll
0x00007ffce0360000 - 0x00007ffce036f000 	C:\WINDOWS\system32\kernel.appcore.dll
0x00007ffce0a20000 - 0x00007ffce0ad5000 	C:\WINDOWS\system32\shcore.dll
0x00007ffce0310000 - 0x00007ffce035b000 	C:\WINDOWS\system32\powrprof.dll
0x00007ffce02e0000 - 0x00007ffce02f4000 	C:\WINDOWS\system32\profapi.dll

VM Arguments:
jvm_args: -Djava.awt.headless=true -Xmx1024M -Dfile.encoding=windows-1252 -Duser.country=ES -Duser.language=es -Duser.variant 
java_command: com.android.dx.command.Main --dex --force-jumbo --num-threads=4 --multi-dex --output C:\Users\Patrik\AndroidStudioProjects\RiverMonitor\app\build\intermediates\transforms\dex\debug\folders\1000\10\internal_impl-24.2.0_27ec56db82161eedbd53fd7c9885714e69696e5c C:\Users\Patrik\AndroidStudioProjects\RiverMonitor\app\build\intermediates\exploded-aar\com.android.support\support-fragment\24.2.0\jars\libs\internal_impl-24.2.0.jar
java_class_path (initial): C:\Users\Patrik\AppData\Local\Android\sdk\build-tools\23.0.1\lib\dx.jar
Launcher Type: SUN_STANDARD

Environment Variables:
JAVA_HOME=C:\Program Files\Java\jdk1.8.0_60
PATH=C:\ProgramData\Oracle\Java\javapath;C:\Program Files (x86)\Intel\iCLS Client\;C:\Program Files\Intel\iCLS Client\;C:\Program Files (x86)\NVIDIA Corporation\PhysX\Common;C:\WINDOWS\system32;C:\WINDOWS;C:\WINDOWS\System32\Wbem;C:\WINDOWS\System32\WindowsPowerShell\v1.0\;C:\Program Files\Intel\Intel(R) Management Engine Components\DAL;C:\Program Files\Intel\Intel(R) Management Engine Components\IPT;C:\Program Files (x86)\Intel\Intel(R) Management Engine Components\DAL;C:\Program Files (x86)\Intel\Intel(R) Management Engine Components\IPT;C:\Program Files (x86)\Windows Kits\8.1\Windows Performance Toolkit\;C:\Program Files\Microsoft SQL Server\110\Tools\Binn\;C:\Program Files (x86)\Common Files\Plantronics\;C:\Program Files (x86)\Plantronics\MyHeadsetUpdater\;C:\Program Files (x86)\Plantronics\VoyagerEdge\;C:\Program Files (x86)\Skype\Phone\;C:\Program Files (x86)\Euroclear\Euroclear PKI Components\;C:\ProgramData\chocolatey\bin;C:\Program Files (x86)\QuickTime\QTSystem\
USERNAME=Patrik
OS=Windows_NT
PROCESSOR_IDENTIFIER=Intel64 Family 6 Model 58 Stepping 9, GenuineIntel



---------------  S Y S T E M  ---------------

OS: Windows 10.0 , 64 bit Build 10586 (10.0.10586.0)

CPU:total 4 (2 cores per cpu, 2 threads per core) family 6 model 58 stepping 9, cmov, cx8, fxsr, mmx, sse, sse2, sse3, ssse3, sse4.1, sse4.2, popcnt, avx, aes, clmul, erms, ht, tsc, tscinvbit, tscinv

Memory: 4k page, physical 12461416k(1998656k free), swap 12461416k(672688k free)

vm_info: Java HotSpot(TM) 64-Bit Server VM (25.60-b23) for windows-amd64 JRE (1.8.0_60-b27), built on Aug  4 2015 11:06:27 by "java_re" with MS VC++ 10.0 (VS2010)

time: Mon Sep 12 23:09:25 2016
elapsed time: 5 seconds (0d 0h 0m 5s)

