#
# There is insufficient memory for the Java Runtime Environment to continue.
# Native memory allocation (malloc) failed to allocate 131088 bytes for Chunk::new
# Possible reasons:
#   The system is out of physical RAM or swap space
#   In 32 bit mode, the process size limit was hit
# Possible solutions:
#   Reduce memory load on the system
#   Increase physical memory or swap space
#   Check if swap backing store is full
#   Use 64 bit Java on a 64 bit OS
#   Decrease Java heap size (-Xmx/-Xms)
#   Decrease number of Java threads
#   Decrease Java thread stack sizes (-Xss)
#   Set larger code cache with -XX:ReservedCodeCacheSize=
# This output file may be truncated or incomplete.
#
#  Out of Memory Error (allocation.cpp:390), pid=14020, tid=14548
#
# JRE version: Java(TM) SE Runtime Environment (8.0_60-b27) (build 1.8.0_60-b27)
# Java VM: Java HotSpot(TM) 64-Bit Server VM (25.60-b23 mixed mode windows-amd64 compressed oops)
# Failed to write core dump. Minidumps are not enabled by default on client versions of Windows
#

---------------  T H R E A D  ---------------

Current thread (0x00000000061d0800):  JavaThread "C2 CompilerThread1" daemon [_thread_in_native, id=14548, stack(0x0000000007960000,0x0000000007a60000)]

Stack: [0x0000000007960000,0x0000000007a60000]
[error occurred during error reporting (printing stack bounds), id 0xc0000005]

Native frames: (J=compiled Java code, j=interpreted, Vv=VM code, C=native code)


Current CompileTask:
C2:   5040 1582       4       com.android.dx.cf.code.ValueAwareMachine::run (1142 bytes)


---------------  P R O C E S S  ---------------

Java Threads: ( => current thread )
  0x0000000007e20800 JavaThread "pool-2-thread-4" [_thread_in_Java, id=12644, stack(0x0000000008560000,0x0000000008660000)]
  0x0000000007e20000 JavaThread "pool-2-thread-3" [_thread_blocked, id=7572, stack(0x0000000008460000,0x0000000008560000)]
  0x0000000007e1f000 JavaThread "pool-2-thread-2" [_thread_in_vm, id=16172, stack(0x0000000008360000,0x0000000008460000)]
  0x0000000007db3800 JavaThread "pool-3-thread-1" [_thread_blocked, id=8052, stack(0x0000000008260000,0x0000000008360000)]
  0x0000000007db3000 JavaThread "pool-2-thread-1" [_thread_blocked, id=16768, stack(0x0000000008160000,0x0000000008260000)]
  0x0000000007b65800 JavaThread "Service Thread" daemon [_thread_blocked, id=2308, stack(0x0000000007f60000,0x0000000008060000)]
  0x000000000622c000 JavaThread "C1 CompilerThread2" daemon [_thread_blocked, id=12968, stack(0x0000000007a60000,0x0000000007b60000)]
=>0x00000000061d0800 JavaThread "C2 CompilerThread1" daemon [_thread_in_native, id=14548, stack(0x0000000007960000,0x0000000007a60000)]
  0x00000000061ca800 JavaThread "C2 CompilerThread0" daemon [_thread_in_native, id=9684, stack(0x0000000007860000,0x0000000007960000)]
  0x00000000061c8000 JavaThread "Attach Listener" daemon [_thread_blocked, id=11044, stack(0x0000000007760000,0x0000000007860000)]
  0x00000000061c6800 JavaThread "Signal Dispatcher" daemon [_thread_blocked, id=9236, stack(0x0000000007660000,0x0000000007760000)]
  0x0000000002af0800 JavaThread "Finalizer" daemon [_thread_blocked, id=11716, stack(0x0000000007460000,0x0000000007560000)]
  0x0000000006199000 JavaThread "Reference Handler" daemon [_thread_blocked, id=12708, stack(0x0000000007360000,0x0000000007460000)]
  0x00000000010ae000 JavaThread "main" [_thread_blocked, id=14760, stack(0x0000000002860000,0x0000000002960000)]

Other Threads:
  0x0000000006197800 VMThread [stack: 0x0000000007260000,0x0000000007360000] [id=12340]
  0x0000000007b7a800 WatcherThread [stack: 0x0000000008060000,0x0000000008160000] [id=17156]

VM state:not at safepoint (normal execution)

VM Mutex/Monitor currently owned by a thread: None

Heap:
 PSYoungGen      total 57344K, used 40153K [0x00000000eab00000, 0x00000000f1b00000, 0x0000000100000000)
  eden space 49152K, 65% used [0x00000000eab00000,0x00000000eca3a540,0x00000000edb00000)
  from space 8192K, 99% used [0x00000000edb00000,0x00000000ee2fc118,0x00000000ee300000)
  to   space 8192K, 0% used [0x00000000f1300000,0x00000000f1300000,0x00000000f1b00000)
 ParOldGen       total 131072K, used 845K [0x00000000c0000000, 0x00000000c8000000, 0x00000000eab00000)
  object space 131072K, 0% used [0x00000000c0000000,0x00000000c00d37e8,0x00000000c8000000)
 Metaspace       used 6093K, capacity 7088K, committed 7296K, reserved 1056768K
  class space    used 594K, capacity 616K, committed 640K, reserved 1048576K

Card table byte_map: [0x0000000002ec0000,0x00000000030d0000] byte_map_base: 0x00000000028c0000

Marking Bits: (ParMarkBitMap*) 0x00000000709ba5b0
 Begin Bits: [0x0000000003630000, 0x0000000004630000)
 End Bits:   [0x0000000004630000, 0x0000000005630000)

Polling page: 0x0000000001030000

CodeCache: size=245760Kb used=6928Kb max_used=6947Kb free=238831Kb
 bounds [0x000000000f010000, 0x000000000f6e0000, 0x000000001e010000]
 total_blobs=1845 nmethods=1576 adapters=182
 compilation: enabled

Compilation events (10 events):
Event: 4.532 Thread 0x00000000061d0800 nmethod 1548 0x000000000f6b5ad0 code [0x000000000f6b5c20, 0x000000000f6b5d58]
Event: 4.751 Thread 0x00000000061ca800 nmethod 1578 0x000000000f6cc790 code [0x000000000f6ce080, 0x000000000f6d59c0]
Event: 4.916 Thread 0x00000000061d0800 1580       4       com.android.dx.rop.code.BasicBlockList::forEachInsn (39 bytes)
Event: 4.921 Thread 0x00000000061d0800 nmethod 1580 0x000000000f6b6f50 code [0x000000000f6b70a0, 0x000000000f6b7358]
Event: 4.923 Thread 0x00000000061ca800 1581       4       com.android.dx.cf.code.RopperMachine::getSources (264 bytes)
Event: 4.938 Thread 0x00000000061d0800 1582       4       com.android.dx.cf.code.ValueAwareMachine::run (1142 bytes)
Event: 4.950 Thread 0x00000000061ca800 nmethod 1581 0x000000000f6c8910 code [0x000000000f6c8b00, 0x000000000f6c95d8]
Event: 4.953 Thread 0x00000000061ca800 1583       4       com.android.dx.cf.code.BaseMachine::storeResults (90 bytes)
Event: 4.980 Thread 0x00000000061ca800 nmethod 1583 0x000000000f6c3a10 code [0x000000000f6c3c40, 0x000000000f6c4ad0]
Event: 4.984 Thread 0x00000000061ca800 1584   !   4       com.android.dx.cf.code.RopperMachine::run (1550 bytes)

GC Heap History (2 events):
Event: 2.923 GC heap before
{Heap before GC invocations=1 (full 0):
 PSYoungGen      total 57344K, used 49152K [0x00000000eab00000, 0x00000000eeb00000, 0x0000000100000000)
  eden space 49152K, 100% used [0x00000000eab00000,0x00000000edb00000,0x00000000edb00000)
  from space 8192K, 0% used [0x00000000ee300000,0x00000000ee300000,0x00000000eeb00000)
  to   space 8192K, 0% used [0x00000000edb00000,0x00000000edb00000,0x00000000ee300000)
 ParOldGen       total 131072K, used 0K [0x00000000c0000000, 0x00000000c8000000, 0x00000000eab00000)
  object space 131072K, 0% used [0x00000000c0000000,0x00000000c0000000,0x00000000c8000000)
 Metaspace       used 6028K, capacity 7024K, committed 7296K, reserved 1056768K
  class space    used 594K, capacity 616K, committed 640K, reserved 1048576K
Event: 3.041 GC heap after
Heap after GC invocations=1 (full 0):
 PSYoungGen      total 57344K, used 8176K [0x00000000eab00000, 0x00000000f1b00000, 0x0000000100000000)
  eden space 49152K, 0% used [0x00000000eab00000,0x00000000eab00000,0x00000000edb00000)
  from space 8192K, 99% used [0x00000000edb00000,0x00000000ee2fc118,0x00000000ee300000)
  to   space 8192K, 0% used [0x00000000f1300000,0x00000000f1300000,0x00000000f1b00000)
 ParOldGen       total 131072K, used 845K [0x00000000c0000000, 0x00000000c8000000, 0x00000000eab00000)
  object space 131072K, 0% used [0x00000000c0000000,0x00000000c00d37e8,0x00000000c8000000)
 Metaspace       used 6028K, capacity 7024K, committed 7296K, reserved 1056768K
  class space    used 594K, capacity 616K, committed 640K, reserved 1048576K
}

Deoptimization events (10 events):
Event: 3.104 Thread 0x0000000007e20800 Uncommon trap: reason=bimorphic action=maybe_recompile pc=0x000000000f57ba34 method=com.android.dx.ssa.LiteralOpUpgrader.tryReplacingWithConstant(Lcom/android/dx/ssa/NormalSsaInsn;)Z @ 52
Event: 3.115 Thread 0x0000000007e20800 Uncommon trap: reason=unstable_if action=reinterpret pc=0x000000000f303ea0 method=com.android.dx.rop.code.RegisterSpec.equals(ILcom/android/dx/rop/type/TypeBearer;Lcom/android/dx/rop/code/LocalItem;)Z @ 42
Event: 3.267 Thread 0x0000000007db3000 Uncommon trap: reason=unstable_if action=reinterpret pc=0x000000000f5221c4 method=com.android.dx.util.BitIntSet.has(I)Z @ 8
Event: 3.282 Thread 0x00000000010ae000 Uncommon trap: reason=bimorphic action=maybe_recompile pc=0x000000000f4bf6ac method=java.util.HashMap.putVal(ILjava/lang/Object;Ljava/lang/Object;ZZ)Ljava/lang/Object; @ 203
Event: 3.325 Thread 0x0000000007e1f000 Uncommon trap: reason=null_check action=make_not_entrant pc=0x000000000f30a320 method=com.android.dx.rop.type.Type.equals(Ljava/lang/Object;)Z @ 8
Event: 3.418 Thread 0x0000000007e20800 Uncommon trap: reason=unstable_if action=reinterpret pc=0x000000000f610c2c method=com.android.dx.rop.code.RegisterSpec.equals(ILcom/android/dx/rop/type/TypeBearer;Lcom/android/dx/rop/code/LocalItem;)Z @ 42
Event: 3.446 Thread 0x0000000007db3000 Uncommon trap: reason=bimorphic action=maybe_recompile pc=0x000000000f589b80 method=com.android.dx.cf.code.BytecodeArray.parseInstruction(ILcom/android/dx/cf/code/BytecodeArray$Visitor;)I @ 1130
Event: 3.446 Thread 0x0000000007db3000 Uncommon trap: reason=bimorphic action=maybe_recompile pc=0x000000000f589b80 method=com.android.dx.cf.code.BytecodeArray.parseInstruction(ILcom/android/dx/cf/code/BytecodeArray$Visitor;)I @ 1130
Event: 3.446 Thread 0x0000000007db3000 Uncommon trap: reason=bimorphic action=maybe_recompile pc=0x000000000f589b80 method=com.android.dx.cf.code.BytecodeArray.parseInstruction(ILcom/android/dx/cf/code/BytecodeArray$Visitor;)I @ 1130
Event: 3.447 Thread 0x0000000007db3000 Uncommon trap: reason=bimorphic action=maybe_recompile pc=0x000000000f589b80 method=com.android.dx.cf.code.BytecodeArray.parseInstruction(ILcom/android/dx/cf/code/BytecodeArray$Visitor;)I @ 1130

Internal exceptions (3 events):
Event: 0.062 Thread 0x00000000010ae000 Exception <a 'java/lang/NoSuchMethodError': Method sun.misc.Unsafe.defineClass(Ljava/lang/String;[BII)Ljava/lang/Class; name or signature does not match> (0x00000000eab0d928) thrown at [C:\re\workspace\8-2-build-windows-amd64-cygwin\jdk8u60\4407\hotspot\sr&_Cù≠Ø?
Event: 0.062 Thread 0x00000000010ae000 Exception <a 'java/lang/NoSuchMethodError': Method sun.misc.Unsafe.prefetchRead(Ljava/lang/Object;J)V name or signature does not match> (0x00000000eab0dc10) thrown at [C:\re\workspace\8-2-build-windows-amd64-cygwin\jdk8u60\4407\hotspot\src\share\vm\prims\jou§≥ô
@
Event: 3.325 Thread 0x0000000007e1f000 Implicit null exception at 0x000000000f30a222 to 0x000000000f30a312

Events (10 events):
Event: 3.446 Thread 0x0000000007db3000 DEOPT UNPACKING pc=0x000000000f05582a sp=0x000000000825e638 mode 2
Event: 3.447 Thread 0x0000000007db3000 Uncommon trap: trap_request=0xffffffc6 fr.pc=0x000000000f589b80
Event: 3.447 Thread 0x0000000007db3000 DEOPT PACKING pc=0x000000000f589b80 sp=0x000000000825e690
Event: 3.447 Thread 0x0000000007db3000 DEOPT UNPACKING pc=0x000000000f05582a sp=0x000000000825e638 mode 2
Event: 3.830 Thread 0x0000000007e20000 DEOPT PACKING pc=0x000000000f379b3d sp=0x000000000855ec60
Event: 3.830 Thread 0x0000000007e20000 DEOPT UNPACKING pc=0x000000000f05787f sp=0x000000000855ea00 mode 0
Event: 4.214 Executing VM operation: EnableBiasedLocking
Event: 4.215 Executing VM operation: EnableBiasedLocking done
Event: 4.921 Thread 0x0000000007db3000 DEOPT PACKING pc=0x000000000f43b035 sp=0x000000000825ea40
Event: 4.921 Thread 0x0000000007db3000 DEOPT UNPACKING pc=0x000000000f05787f sp=0x000000000825e720 mode 0


Dynamic libraries:
0x00007ff7387d0000 - 0x00007ff738807000 	C:\Program Files\Java\jdk1.8.0_60\bin\java.exe
0x00007ffce3cc0000 - 0x00007ffce3e81000 	C:\WINDOWS\SYSTEM32\ntdll.dll
0x00007ffce32b0000 - 0x00007ffce335d000 	C:\WINDOWS\system32\KERNEL32.DLL
0x00007ffce0c20000 - 0x00007ffce0e08000 	C:\WINDOWS\system32\KERNELBASE.dll
0x00007ffce12f0000 - 0x00007ffce1397000 	C:\WINDOWS\system32\ADVAPI32.dll
0x00007ffce2fb0000 - 0x00007ffce304d000 	C:\WINDOWS\system32\msvcrt.dll
0x00007ffce13a0000 - 0x00007ffce13fb000 	C:\WINDOWS\system32\sechost.dll
0x00007ffce2a50000 - 0x00007ffce2b6c000 	C:\WINDOWS\system32\RPCRT4.dll
0x00007ffce1190000 - 0x00007ffce12e6000 	C:\WINDOWS\system32\USER32.dll
0x00007ffce2cd0000 - 0x00007ffce2e56000 	C:\WINDOWS\system32\GDI32.dll
0x00007ffcdad00000 - 0x00007ffcdaf74000 	C:\WINDOWS\WinSxS\amd64_microsoft.windows.common-controls_6595b64144ccf1df_6.0.10586.494_none_a2d8b04ea53e3145\COMCTL32.dll
0x00007ffce39b0000 - 0x00007ffce3c2d000 	C:\WINDOWS\system32\combase.dll
0x00007ffce0b90000 - 0x00007ffce0bfa000 	C:\WINDOWS\system32\bcryptPrimitives.dll
0x00007ffce2a10000 - 0x00007ffce2a4b000 	C:\WINDOWS\system32\IMM32.DLL
0x00007ffcdf2a0000 - 0x00007ffcdf2d1000 	C:\Windows\system32\nvinitx.dll
0x00007ffcdf290000 - 0x00007ffcdf29a000 	C:\WINDOWS\SYSTEM32\VERSION.dll
0x000000000f000000 - 0x000000000f006000 	C:\Program Files\NVIDIA Corporation\CoProcManager\_etoured.dll
0x00007ffcddf40000 - 0x00007ffcddf72000 	C:\Program Files\NVIDIA Corporation\CoProcManager\nvd3d9wrapx.dll
0x00007ffce3570000 - 0x00007ffce3999000 	C:\WINDOWS\system32\SETUPAPI.dll
0x00007ffce0fe0000 - 0x00007ffce1023000 	C:\WINDOWS\system32\CFGMGR32.dll
0x00007ffcddf10000 - 0x00007ffcddf32000 	C:\Program Files\NVIDIA Corporation\CoProcManager\nvdxgiwrapx.dll
0x000000006fd10000 - 0x000000006fde2000 	C:\Program Files\Java\jdk1.8.0_60\jre\bin\msvcr100.dll
0x00000000701b0000 - 0x0000000070a39000 	C:\Program Files\Java\jdk1.8.0_60\jre\bin\server\jvm.dll
0x00007ffce39a0000 - 0x00007ffce39a8000 	C:\WINDOWS\system32\PSAPI.DLL
0x00007ffccf600000 - 0x00007ffccf609000 	C:\WINDOWS\SYSTEM32\WSOCK32.dll
0x00007ffce31e0000 - 0x00007ffce324b000 	C:\WINDOWS\system32\WS2_32.dll
0x00007ffcde9c0000 - 0x00007ffcde9e3000 	C:\WINDOWS\SYSTEM32\WINMM.dll
0x00007ffcde960000 - 0x00007ffcde98c000 	C:\WINDOWS\SYSTEM32\WINMMBASE.dll
0x00000000701a0000 - 0x00000000701af000 	C:\Program Files\Java\jdk1.8.0_60\jre\bin\verify.dll
0x0000000070170000 - 0x0000000070199000 	C:\Program Files\Java\jdk1.8.0_60\jre\bin\java.dll
0x0000000070150000 - 0x0000000070166000 	C:\Program Files\Java\jdk1.8.0_60\jre\bin\zip.dll
0x00007ffce1400000 - 0x00007ffce295c000 	C:\WINDOWS\system32\SHELL32.dll
0x00007ffce03d0000 - 0x00007ffce0a15000 	C:\WINDOWS\system32\windows.storage.dll
0x00007ffce3250000 - 0x00007ffce32a2000 	C:\WINDOWS\system32\shlwapi.dll
0x00007ffce0360000 - 0x00007ffce036f000 	C:\WINDOWS\system32\kernel.appcore.dll
0x00007ffce0a20000 - 0x00007ffce0ad5000 	C:\WINDOWS\system32\shcore.dll
0x00007ffce0310000 - 0x00007ffce035b000 	C:\WINDOWS\system32\powrprof.dll
0x00007ffce02e0000 - 0x00007ffce02f4000 	C:\WINDOWS\system32\profapi.dll

VM Arguments:
jvm_args: -Djava.awt.headless=true -Xmx1024M -Dfile.encoding=windows-1252 -Duser.country=ES -Duser.language=es -Duser.variant 
java_command: com.android.dx.command.Main --dex --force-jumbo --num-threads=4 --multi-dex --output C:\Users\Patrik\AndroidStudioProjects\RiverMonitor\app\build\intermediates\transforms\dex\debug\folders\1000\10\com.android.support-design-24.2.0_36a08c7f903351c991401da4f52d3dd0de02e37e C:\Users\Patrik\AndroidStudioProjects\RiverMonitor\app\build\intermediates\exploded-aar\com.android.support\design\24.2.0\jars\classes.jar
java_class_path (initial): C:\Users\Patrik\AppData\Local\Android\sdk\build-tools\23.0.1\lib\dx.jar
Launcher Type: SUN_STANDARD

Environment Variables:
JAVA_HOME=C:\Program Files\Java\jdk1.8.0_60
PATH=C:\ProgramData\Oracle\Java\javapath;C:\Program Files (x86)\Intel\iCLS Client\;C:\Program Files\Intel\iCLS Client\;C:\Program Files (x86)\NVIDIA Corporation\PhysX\Common;C:\WINDOWS\system32;C:\WINDOWS;C:\WINDOWS\System32\Wbem;C:\WINDOWS\System32\WindowsPowerShell\v1.0\;C:\Program Files\Intel\Intel(R) Management Engine Components\DAL;C:\Program Files\Intel\Intel(R) Management Engine Components\IPT;C:\Program Files (x86)\Intel\Intel(R) Management Engine Components\DAL;C:\Program Files (x86)\Intel\Intel(R) Management Engine Components\IPT;C:\Program Files (x86)\Windows Kits\8.1\Windows Performance Toolkit\;C:\Program Files\Microsoft SQL Server\110\Tools\Binn\;C:\Program Files (x86)\Common Files\Plantronics\;C:\Program Files (x86)\Plantronics\MyHeadsetUpdater\;C:\Program Files (x86)\Plantronics\VoyagerEdge\;C:\Program Files (x86)\Skype\Phone\;C:\Program Files (x86)\Euroclear\Euroclear PKI Components\;C:\ProgramData\chocolatey\bin;C:\Program Files (x86)\QuickTime\QTSystem\
USERNAME=Patrik
OS=Windows_NT
PROCESSOR_IDENTIFIER=Intel64 Family 6 Model 58 Stepping 9, GenuineIntel



---------------  S Y S T E M  ---------------

OS: Windows 10.0 , 64 bit Build 10586 (10.0.10586.0)

CPU:total 4 (2 cores per cpu, 2 threads per core) family 6 model 58 stepping 9, cmov, cx8, fxsr, mmx, sse, sse2, sse3, ssse3, sse4.1, sse4.2, popcnt, avx, aes, clmul, erms, ht, tsc, tscinvbit, tscinv

Memory: 4k page, physical 12461416k(1775912k free), swap 12461416k(5124k free)

vm_info: Java HotSpot(TM) 64-Bit Server VM (25.60-b23) for windows-amd64 JRE (1.8.0_60-b27), built on Aug  4 2015 11:06:27 by "java_re" with MS VC++ 10.0 (VS2010)

time: Mon Sep 12 23:09:24 2016
elapsed time: 5 seconds (0d 0h 0m 5s)

