#
# There is insufficient memory for the Java Runtime Environment to continue.
# Native memory allocation (malloc) failed to allocate 32744 bytes for ChunkPool::allocate
# Possible reasons:
#   The system is out of physical RAM or swap space
#   In 32 bit mode, the process size limit was hit
# Possible solutions:
#   Reduce memory load on the system
#   Increase physical memory or swap space
#   Check if swap backing store is full
#   Use 64 bit Java on a 64 bit OS
#   Decrease Java heap size (-Xmx/-Xms)
#   Decrease number of Java threads
#   Decrease Java thread stack sizes (-Xss)
#   Set larger code cache with -XX:ReservedCodeCacheSize=
# This output file may be truncated or incomplete.
#
#  Out of Memory Error (allocation.cpp:273), pid=6980, tid=19840
#
# JRE version: Java(TM) SE Runtime Environment (8.0_60-b27) (build 1.8.0_60-b27)
# Java VM: Java HotSpot(TM) 64-Bit Server VM (25.60-b23 mixed mode windows-amd64 compressed oops)
# Failed to write core dump. Minidumps are not enabled by default on client versions of Windows
#

---------------  T H R E A D  ---------------

Current thread (0x000000000295e000):  JavaThread "main" [_thread_in_native, id=19840, stack(0x0000000002840000,0x0000000002940000)]

Stack: [0x0000000002840000,0x0000000002940000]
[error occurred during error reporting (printing stack bounds), id 0xc0000005]

Native frames: (J=compiled Java code, j=interpreted, Vv=VM code, C=native code)

Java frames: (J=compiled Java code, j=interpreted, Vv=VM code)
j  sun.misc.URLClassPath$JarLoader.ensureOpen()V+7
j  sun.misc.URLClassPath$JarLoader.<init>(Ljava/net/URL;Ljava/net/URLStreamHandler;Ljava/util/HashMap;)V+137
j  sun.misc.URLClassPath$3.run()Lsun/misc/URLClassPath$Loader;+82
j  sun.misc.URLClassPath$3.run()Ljava/lang/Object;+1
v  ~StubRoutines::call_stub
j  java.security.AccessController.doPrivileged(Ljava/security/PrivilegedExceptionAction;)Ljava/lang/Object;+0
j  sun.misc.URLClassPath.getLoader(Ljava/net/URL;)Lsun/misc/URLClassPath$Loader;+9
j  sun.misc.URLClassPath.getLoader(I)Lsun/misc/URLClassPath$Loader;+87
j  sun.misc.URLClassPath.getNextLoader([II)Lsun/misc/URLClassPath$Loader;+84
j  sun.misc.URLClassPath.getResource(Ljava/lang/String;Z)Lsun/misc/Resource;+51
j  java.net.URLClassLoader$1.run()Ljava/lang/Class;+26
j  java.net.URLClassLoader$1.run()Ljava/lang/Object;+1
v  ~StubRoutines::call_stub
j  java.security.AccessController.doPrivileged(Ljava/security/PrivilegedExceptionAction;Ljava/security/AccessControlContext;)Ljava/lang/Object;+0
j  java.net.URLClassLoader.findClass(Ljava/lang/String;)Ljava/lang/Class;+13
j  java.lang.ClassLoader.loadClass(Ljava/lang/String;Z)Ljava/lang/Class;+70
j  sun.misc.Launcher$AppClassLoader.loadClass(Ljava/lang/String;Z)Ljava/lang/Class;+81
j  java.lang.ClassLoader.loadClass(Ljava/lang/String;)Ljava/lang/Class;+3
j  sun.launcher.LauncherHelper.checkAndLoadMain(ZILjava/lang/String;)Ljava/lang/Class;+93
v  ~StubRoutines::call_stub

---------------  P R O C E S S  ---------------

Java Threads: ( => current thread )
  0x00000000080d4000 JavaThread "Service Thread" daemon [_thread_blocked, id=17416, stack(0x00000000084d0000,0x00000000085d0000)]
  0x0000000006189000 JavaThread "C1 CompilerThread2" daemon [_thread_blocked, id=20392, stack(0x0000000007fd0000,0x00000000080d0000)]
  0x0000000006130800 JavaThread "C2 CompilerThread1" daemon [_thread_blocked, id=16276, stack(0x0000000007ed0000,0x0000000007fd0000)]
  0x000000000612b000 JavaThread "C2 CompilerThread0" daemon [_thread_blocked, id=15828, stack(0x0000000007dd0000,0x0000000007ed0000)]
  0x0000000006128000 JavaThread "Attach Listener" daemon [_thread_blocked, id=16664, stack(0x0000000007cd0000,0x0000000007dd0000)]
  0x0000000006126800 JavaThread "Signal Dispatcher" daemon [_thread_blocked, id=8064, stack(0x0000000007bd0000,0x0000000007cd0000)]
  0x0000000002a56800 JavaThread "Finalizer" daemon [_thread_blocked, id=11072, stack(0x0000000007380000,0x0000000007480000)]
  0x0000000002a4d800 JavaThread "Reference Handler" daemon [_thread_blocked, id=6888, stack(0x0000000007280000,0x0000000007380000)]
=>0x000000000295e000 JavaThread "main" [_thread_in_native, id=19840, stack(0x0000000002840000,0x0000000002940000)]

Other Threads:
  0x00000000060f8800 VMThread [stack: 0x0000000007180000,0x0000000007280000] [id=8528]
  0x00000000080dd800 WatcherThread [stack: 0x00000000085d0000,0x00000000086d0000] [id=20400]

VM state:not at safepoint (normal execution)

VM Mutex/Monitor currently owned by a thread: None

Heap:
 PSYoungGen      total 57344K, used 2949K [0x00000000eab00000, 0x00000000eeb00000, 0x0000000100000000)
  eden space 49152K, 6% used [0x00000000eab00000,0x00000000eade1550,0x00000000edb00000)
  from space 8192K, 0% used [0x00000000ee300000,0x00000000ee300000,0x00000000eeb00000)
  to   space 8192K, 0% used [0x00000000edb00000,0x00000000edb00000,0x00000000ee300000)
 ParOldGen       total 131072K, used 0K [0x00000000c0000000, 0x00000000c8000000, 0x00000000eab00000)
  object space 131072K, 0% used [0x00000000c0000000,0x00000000c0000000,0x00000000c8000000)
 Metaspace       used 2388K, capacity 4480K, committed 4480K, reserved 1056768K
  class space    used 261K, capacity 384K, committed 384K, reserved 1048576K

Card table byte_map: [0x0000000002e20000,0x0000000003030000] byte_map_base: 0x0000000002820000

Marking Bits: (ParMarkBitMap*) 0x000000006c30a5b0
 Begin Bits: [0x0000000003590000, 0x0000000004590000)
 End Bits:   [0x0000000004590000, 0x0000000005590000)

Polling page: 0x00000000027d0000

CodeCache: size=245760Kb used=1092Kb max_used=1103Kb free=244667Kb
 bounds [0x000000000f010000, 0x000000000f280000, 0x000000001e010000]
 total_blobs=248 nmethods=21 adapters=141
 compilation: enabled

Compilation events (10 events):
Event: 0.274 Thread 0x0000000006189000   16  s    3       java.lang.StringBuffer::append (13 bytes)
Event: 0.274 Thread 0x0000000006189000 nmethod 16 0x000000000f11dd50 code [0x000000000f11dee0, 0x000000000f11e3c8]
Event: 0.274 Thread 0x0000000006189000   17       3       java.lang.String::equals (81 bytes)
Event: 0.275 Thread 0x0000000006189000 nmethod 17 0x000000000f11e610 code [0x000000000f11e7a0, 0x000000000f11ecf0]
Event: 0.275 Thread 0x0000000006189000   19       3       java.util.Arrays::copyOfRange (63 bytes)
Event: 0.276 Thread 0x0000000006189000 nmethod 19 0x000000000f11eed0 code [0x000000000f11f0e0, 0x000000000f11fc18]
Event: 0.276 Thread 0x0000000006189000   18       3       java.lang.String::getChars (62 bytes)
Event: 0.276 Thread 0x0000000006130800   20       4       java.lang.String::charAt (29 bytes)
Event: 0.276 Thread 0x0000000006189000 nmethod 18 0x000000000f120150 code [0x000000000f120300, 0x000000000f120738]
Event: 0.277 Thread 0x0000000006189000   21       3       java.lang.String::indexOf (7 bytes)

GC Heap History (0 events):
No events

Deoptimization events (0 events):
No events

Internal exceptions (2 events):
Event: 0.114 Thread 0x000000000295e000 Exception <a 'java/lang/NoSuchMethodError': Method sun.misc.Unsafe.defineClass(Ljava/lang/String;[BII)Ljava/lang/Class; name or signature does not match> (0x00000000eab0d888) thrown at [C:\re\workspace\8-2-build-windows-amd64-cygwin\jdk8u60\4407\hotspot\sr%úè¬K½?
Event: 0.114 Thread 0x000000000295e000 Exception <a 'java/lang/NoSuchMethodError': Method sun.misc.Unsafe.prefetchRead(Ljava/lang/Object;J)V name or signature does not match> (0x00000000eab0db70) thrown at [C:\re\workspace\8-2-build-windows-amd64-cygwin\jdk8u60\4407\hotspot\src\share\vm\prims\j

Events (10 events):
Event: 0.270 loading class sun/nio/cs/ThreadLocalCoders done
Event: 0.270 loading class sun/nio/cs/ThreadLocalCoders$1
Event: 0.270 loading class sun/nio/cs/ThreadLocalCoders$Cache
Event: 0.270 loading class sun/nio/cs/ThreadLocalCoders$Cache done
Event: 0.270 loading class sun/nio/cs/ThreadLocalCoders$1 done
Event: 0.270 loading class sun/nio/cs/ThreadLocalCoders$2
Event: 0.270 loading class sun/nio/cs/ThreadLocalCoders$2 done
Event: 0.270 loading class sun/nio/cs/UTF_8$Decoder
Event: 0.271 loading class sun/nio/cs/UTF_8$Decoder done
Event: 0.277 loading class sun/misc/URLClassPath$JarLoader$1


Dynamic libraries:
0x00007ff6d6170000 - 0x00007ff6d61a7000 	C:\Program Files\Java\jdk1.8.0_60\bin\java.exe
0x00007ffceca50000 - 0x00007ffcecc11000 	C:\WINDOWS\SYSTEM32\ntdll.dll
0x00007ffceb930000 - 0x00007ffceb9dd000 	C:\WINDOWS\system32\KERNEL32.DLL
0x00007ffce9b90000 - 0x00007ffce9d78000 	C:\WINDOWS\system32\KERNELBASE.dll
0x00007ffcec8b0000 - 0x00007ffcec957000 	C:\WINDOWS\system32\ADVAPI32.dll
0x00007ffcec810000 - 0x00007ffcec8ad000 	C:\WINDOWS\system32\msvcrt.dll
0x00007ffceb610000 - 0x00007ffceb66b000 	C:\WINDOWS\system32\sechost.dll
0x00007ffceb6b0000 - 0x00007ffceb7cc000 	C:\WINDOWS\system32\RPCRT4.dll
0x00007ffcebb70000 - 0x00007ffcebcc6000 	C:\WINDOWS\system32\USER32.dll
0x00007ffceb9e0000 - 0x00007ffcebb66000 	C:\WINDOWS\system32\GDI32.dll
0x00007ffce3b00000 - 0x00007ffce3d74000 	C:\WINDOWS\WinSxS\amd64_microsoft.windows.common-controls_6595b64144ccf1df_6.0.10586.494_none_a2d8b04ea53e3145\COMCTL32.dll
0x00007ffcec430000 - 0x00007ffcec6ad000 	C:\WINDOWS\system32\combase.dll
0x00007ffce94d0000 - 0x00007ffce953a000 	C:\WINDOWS\system32\bcryptPrimitives.dll
0x00007ffceb670000 - 0x00007ffceb6ab000 	C:\WINDOWS\system32\IMM32.DLL
0x00007ffce8030000 - 0x00007ffce8061000 	C:\Windows\system32\nvinitx.dll
0x00007ffce8020000 - 0x00007ffce802a000 	C:\WINDOWS\SYSTEM32\VERSION.dll
0x000000000f000000 - 0x000000000f006000 	C:\Program Files\NVIDIA Corporation\CoProcManager\_etoured.dll
0x00007ffce4770000 - 0x00007ffce47a2000 	C:\Program Files\NVIDIA Corporation\CoProcManager\nvd3d9wrapx.dll
0x00007ffcebcd0000 - 0x00007ffcec0f9000 	C:\WINDOWS\system32\SETUPAPI.dll
0x00007ffce93f0000 - 0x00007ffce9433000 	C:\WINDOWS\system32\CFGMGR32.dll
0x00007ffce56e0000 - 0x00007ffce5702000 	C:\Program Files\NVIDIA Corporation\CoProcManager\nvdxgiwrapx.dll
0x000000006b680000 - 0x000000006b752000 	C:\Program Files\Java\jdk1.8.0_60\jre\bin\msvcr100.dll
0x000000006bb00000 - 0x000000006c389000 	C:\Program Files\Java\jdk1.8.0_60\jre\bin\server\jvm.dll
0x00007ffcec960000 - 0x00007ffcec968000 	C:\WINDOWS\system32\PSAPI.DLL
0x00007ffcdc8a0000 - 0x00007ffcdc8a9000 	C:\WINDOWS\SYSTEM32\WSOCK32.dll
0x00007ffcec2b0000 - 0x00007ffcec31b000 	C:\WINDOWS\system32\WS2_32.dll
0x00007ffce7720000 - 0x00007ffce7743000 	C:\WINDOWS\SYSTEM32\WINMM.dll
0x00007ffce75e0000 - 0x00007ffce760c000 	C:\WINDOWS\SYSTEM32\WINMMBASE.dll
0x000000006baf0000 - 0x000000006baff000 	C:\Program Files\Java\jdk1.8.0_60\jre\bin\verify.dll
0x000000006bac0000 - 0x000000006bae9000 	C:\Program Files\Java\jdk1.8.0_60\jre\bin\java.dll
0x000000006baa0000 - 0x000000006bab6000 	C:\Program Files\Java\jdk1.8.0_60\jre\bin\zip.dll
0x00007ffce9e50000 - 0x00007ffceb3ac000 	C:\WINDOWS\system32\SHELL32.dll
0x0000000007580000 - 0x0000000007bc5000 	C:\WINDOWS\system32\windows.storage.dll
0x00007ffcec3d0000 - 0x00007ffcec422000 	C:\WINDOWS\system32\shlwapi.dll
0x00007ffce90a0000 - 0x00007ffce90af000 	C:\WINDOWS\system32\kernel.appcore.dll
0x00007ffce9160000 - 0x00007ffce9215000 	C:\WINDOWS\system32\shcore.dll
0x00007ffce90b0000 - 0x00007ffce90fb000 	C:\WINDOWS\system32\powrprof.dll
0x00007ffce9080000 - 0x00007ffce9094000 	C:\WINDOWS\system32\profapi.dll

VM Arguments:
jvm_args: -Djava.awt.headless=true -Xmx1024M -Dfile.encoding=windows-1252 -Duser.country=ES -Duser.language=es -Duser.variant 
java_command: com.android.dx.command.Main --dex --force-jumbo --num-threads=4 --multi-dex --output C:\Users\Patrik\AndroidStudioProjects\RiverMonitor\app\build\intermediates\transforms\dex\debug\folders\1000\5\slice_1 C:\Users\Patrik\AndroidStudioProjects\RiverMonitor\app\build\intermediates\transforms\instantRunSlicer\debug\folders\1\5\slice_1
java_class_path (initial): C:\Users\Patrik\AppData\Local\Android\sdk\build-tools\23.0.1\lib\dx.jar
Launcher Type: SUN_STANDARD

Environment Variables:
JAVA_HOME=C:\Program Files\Java\jdk1.8.0_60
PATH=C:\ProgramData\Oracle\Java\javapath;C:\Program Files (x86)\Intel\iCLS Client\;C:\Program Files\Intel\iCLS Client\;C:\Program Files (x86)\NVIDIA Corporation\PhysX\Common;C:\WINDOWS\system32;C:\WINDOWS;C:\WINDOWS\System32\Wbem;C:\WINDOWS\System32\WindowsPowerShell\v1.0\;C:\Program Files\Intel\Intel(R) Management Engine Components\DAL;C:\Program Files\Intel\Intel(R) Management Engine Components\IPT;C:\Program Files (x86)\Intel\Intel(R) Management Engine Components\DAL;C:\Program Files (x86)\Intel\Intel(R) Management Engine Components\IPT;C:\Program Files (x86)\Windows Kits\8.1\Windows Performance Toolkit\;C:\Program Files\Microsoft SQL Server\110\Tools\Binn\;C:\Program Files (x86)\Common Files\Plantronics\;C:\Program Files (x86)\Plantronics\MyHeadsetUpdater\;C:\Program Files (x86)\Plantronics\VoyagerEdge\;C:\Program Files (x86)\Skype\Phone\;C:\Program Files (x86)\Euroclear\Euroclear PKI Components\;C:\ProgramData\chocolatey\bin;C:\Program Files (x86)\QuickTime\QTSystem\
USERNAME=Patrik
OS=Windows_NT
PROCESSOR_IDENTIFIER=Intel64 Family 6 Model 58 Stepping 9, GenuineIntel



---------------  S Y S T E M  ---------------

OS: Windows 10.0 , 64 bit Build 10586 (10.0.10586.0)

CPU:total 4 (2 cores per cpu, 2 threads per core) family 6 model 58 stepping 9, cmov, cx8, fxsr, mmx, sse, sse2, sse3, ssse3, sse4.1, sse4.2, popcnt, avx, aes, clmul, erms, ht, tsc, tscinvbit, tscinv

Memory: 4k page, physical 12461416k(1869896k free), swap 12461416k(5432k free)

vm_info: Java HotSpot(TM) 64-Bit Server VM (25.60-b23) for windows-amd64 JRE (1.8.0_60-b27), built on Aug  4 2015 11:06:27 by "java_re" with MS VC++ 10.0 (VS2010)

time: Tue Aug 23 21:50:45 2016
elapsed time: 0 seconds (0d 0h 0m 0s)

