#
# There is insufficient memory for the Java Runtime Environment to continue.
# Native memory allocation (malloc) failed to allocate 489120 bytes for Chunk::new
# Possible reasons:
#   The system is out of physical RAM or swap space
#   In 32 bit mode, the process size limit was hit
# Possible solutions:
#   Reduce memory load on the system
#   Increase physical memory or swap space
#   Check if swap backing store is full
#   Use 64 bit Java on a 64 bit OS
#   Decrease Java heap size (-Xmx/-Xms)
#   Decrease number of Java threads
#   Decrease Java thread stack sizes (-Xss)
#   Set larger code cache with -XX:ReservedCodeCacheSize=
# This output file may be truncated or incomplete.
#
#  Out of Memory Error (allocation.cpp:390), pid=14120, tid=7360
#
# JRE version: Java(TM) SE Runtime Environment (8.0_60-b27) (build 1.8.0_60-b27)
# Java VM: Java HotSpot(TM) 64-Bit Server VM (25.60-b23 mixed mode windows-amd64 compressed oops)
# Failed to write core dump. Minidumps are not enabled by default on client versions of Windows
#

---------------  T H R E A D  ---------------

Current thread (0x0000000005be0800):  JavaThread "C2 CompilerThread1" daemon [_thread_in_native, id=7360, stack(0x00000000073b0000,0x00000000074b0000)]

Stack: [0x00000000073b0000,0x00000000074b0000]
[error occurred during error reporting (printing stack bounds), id 0xc0000005]

Native frames: (J=compiled Java code, j=interpreted, Vv=VM code, C=native code)


Current CompileTask:
C2:   8219 2217 %     4       com.android.dx.dex.code.LocalList::make @ 16 (102 bytes)


---------------  P R O C E S S  ---------------

Java Threads: ( => current thread )
  0x0000000007741000 JavaThread "pool-1-thread-1" [_thread_in_Java, id=6460, stack(0x0000000009880000,0x0000000009980000)]
  0x00000000074bd000 JavaThread "Service Thread" daemon [_thread_blocked, id=10232, stack(0x00000000079b0000,0x0000000007ab0000)]
  0x00000000074b8800 JavaThread "C1 CompilerThread2" daemon [_thread_in_native, id=8376, stack(0x00000000078b0000,0x00000000079b0000)]
=>0x0000000005be0800 JavaThread "C2 CompilerThread1" daemon [_thread_in_native, id=7360, stack(0x00000000073b0000,0x00000000074b0000)]
  0x0000000005bda800 JavaThread "C2 CompilerThread0" daemon [_thread_blocked, id=11864, stack(0x00000000072b0000,0x00000000073b0000)]
  0x0000000005bd8000 JavaThread "Attach Listener" daemon [_thread_blocked, id=13292, stack(0x00000000071b0000,0x00000000072b0000)]
  0x0000000005bd6800 JavaThread "Signal Dispatcher" daemon [_thread_blocked, id=1252, stack(0x00000000070b0000,0x00000000071b0000)]
  0x00000000024e0800 JavaThread "Finalizer" daemon [_thread_blocked, id=1428, stack(0x0000000006e50000,0x0000000006f50000)]
  0x00000000024dd800 JavaThread "Reference Handler" daemon [_thread_blocked, id=15088, stack(0x0000000006d50000,0x0000000006e50000)]
  0x0000000000b8e000 JavaThread "main" [_thread_blocked, id=4808, stack(0x0000000000a80000,0x0000000000b80000)]

Other Threads:
  0x0000000005ba8800 VMThread [stack: 0x0000000006c50000,0x0000000006d50000] [id=14728]
  0x00000000074c1800 WatcherThread [stack: 0x0000000007ab0000,0x0000000007bb0000] [id=2288]

VM state:not at safepoint (normal execution)

VM Mutex/Monitor currently owned by a thread: None

Heap:
 PSYoungGen      total 106496K, used 77824K [0x00000000eab00000, 0x00000000f1b00000, 0x0000000100000000)
  eden space 98304K, 70% used [0x00000000eab00000,0x00000000eef06cc0,0x00000000f0b00000)
  from space 8192K, 99% used [0x00000000f1300000,0x00000000f1af9398,0x00000000f1b00000)
  to   space 8192K, 0% used [0x00000000f0b00000,0x00000000f0b00000,0x00000000f1300000)
 ParOldGen       total 131072K, used 5847K [0x00000000c0000000, 0x00000000c8000000, 0x00000000eab00000)
  object space 131072K, 4% used [0x00000000c0000000,0x00000000c05b5c70,0x00000000c8000000)
 Metaspace       used 6623K, capacity 7480K, committed 7680K, reserved 1056768K
  class space    used 636K, capacity 688K, committed 768K, reserved 1048576K

Card table byte_map: [0x00000000028b0000,0x0000000002ac0000] byte_map_base: 0x00000000022b0000

Marking Bits: (ParMarkBitMap*) 0x000000006df9a5b0
 Begin Bits: [0x0000000003020000, 0x0000000004020000)
 End Bits:   [0x0000000004020000, 0x0000000005020000)

Polling page: 0x0000000000b90000

CodeCache: size=245760Kb used=9210Kb max_used=9210Kb free=236549Kb
 bounds [0x000000000f010000, 0x000000000f920000, 0x000000001e010000]
 total_blobs=2457 nmethods=2186 adapters=183
 compilation: enabled

Compilation events (10 events):
Event: 8.201 Thread 0x00000000074b8800 2293       3       com.android.dx.dex.file.DebugInfoEncoder$2::compare (13 bytes)
Event: 8.201 Thread 0x00000000074b8800 nmethod 2293 0x000000000f8f7ed0 code [0x000000000f8f8060, 0x000000000f8f8630]
Event: 8.201 Thread 0x00000000074b8800 2294       3       com.android.dx.dex.file.DebugInfoEncoder$2::compare (10 bytes)
Event: 8.201 Thread 0x00000000074b8800 nmethod 2294 0x000000000f8f7850 code [0x000000000f8f79c0, 0x000000000f8f7d50]
Event: 8.201 Thread 0x00000000074b8800 2296       3       com.android.dx.util.ByteArrayAnnotatedOutput::<init> (54 bytes)
Event: 8.202 Thread 0x00000000074b8800 nmethod 2296 0x000000000f8fcd90 code [0x000000000f8fcf00, 0x000000000f8fd1e8]
Event: 8.202 Thread 0x00000000074b8800 2284       3       com.android.dx.dex.file.TypeIdsSection::indexOf (66 bytes)
Event: 8.203 Thread 0x00000000074b8800 nmethod 2284 0x000000000f906cd0 code [0x000000000f906f60, 0x000000000f908058]
Event: 8.203 Thread 0x00000000074b8800 2285       3       com.android.dx.dex.file.DebugInfoEncoder::emitTypeIndex (45 bytes)
Event: 8.204 Thread 0x00000000074b8800 nmethod 2285 0x000000000f8fbf50 code [0x000000000f8fc140, 0x000000000f8fca58]

GC Heap History (4 events):
Event: 2.549 GC heap before
{Heap before GC invocations=1 (full 0):
 PSYoungGen      total 57344K, used 49152K [0x00000000eab00000, 0x00000000eeb00000, 0x0000000100000000)
  eden space 49152K, 100% used [0x00000000eab00000,0x00000000edb00000,0x00000000edb00000)
  from space 8192K, 0% used [0x00000000ee300000,0x00000000ee300000,0x00000000eeb00000)
  to   space 8192K, 0% used [0x00000000edb00000,0x00000000edb00000,0x00000000ee300000)
 ParOldGen       total 131072K, used 0K [0x00000000c0000000, 0x00000000c8000000, 0x00000000eab00000)
  object space 131072K, 0% used [0x00000000c0000000,0x00000000c0000000,0x00000000c8000000)
 Metaspace       used 6090K, capacity 7064K, committed 7424K, reserved 1056768K
  class space    used 614K, capacity 656K, committed 768K, reserved 1048576K
Event: 2.632 GC heap after
Heap after GC invocations=1 (full 0):
 PSYoungGen      total 57344K, used 8170K [0x00000000eab00000, 0x00000000f1b00000, 0x0000000100000000)
  eden space 49152K, 0% used [0x00000000eab00000,0x00000000eab00000,0x00000000edb00000)
  from space 8192K, 99% used [0x00000000edb00000,0x00000000ee2fa8f8,0x00000000ee300000)
  to   space 8192K, 0% used [0x00000000f1300000,0x00000000f1300000,0x00000000f1b00000)
 ParOldGen       total 131072K, used 915K [0x00000000c0000000, 0x00000000c8000000, 0x00000000eab00000)
  object space 131072K, 0% used [0x00000000c0000000,0x00000000c00e4cd8,0x00000000c8000000)
 Metaspace       used 6090K, capacity 7064K, committed 7424K, reserved 1056768K
  class space    used 614K, capacity 656K, committed 768K, reserved 1048576K
}
Event: 3.875 GC heap before
{Heap before GC invocations=2 (full 0):
 PSYoungGen      total 57344K, used 57322K [0x00000000eab00000, 0x00000000f1b00000, 0x0000000100000000)
  eden space 49152K, 100% used [0x00000000eab00000,0x00000000edb00000,0x00000000edb00000)
  from space 8192K, 99% used [0x00000000edb00000,0x00000000ee2fa8f8,0x00000000ee300000)
  to   space 8192K, 0% used [0x00000000f1300000,0x00000000f1300000,0x00000000f1b00000)
 ParOldGen       total 131072K, used 915K [0x00000000c0000000, 0x00000000c8000000, 0x00000000eab00000)
  object space 131072K, 0% used [0x00000000c0000000,0x00000000c00e4cd8,0x00000000c8000000)
 Metaspace       used 6189K, capacity 7128K, committed 7424K, reserved 1056768K
  class space    used 614K, capacity 656K, committed 768K, reserved 1048576K
Event: 3.903 GC heap after
Heap after GC invocations=2 (full 0):
 PSYoungGen      total 106496K, used 8164K [0x00000000eab00000, 0x00000000f1b00000, 0x0000000100000000)
  eden space 98304K, 0% used [0x00000000eab00000,0x00000000eab00000,0x00000000f0b00000)
  from space 8192K, 99% used [0x00000000f1300000,0x00000000f1af9398,0x00000000f1b00000)
  to   space 8192K, 0% used [0x00000000f0b00000,0x00000000f0b00000,0x00000000f1300000)
 ParOldGen       total 131072K, used 5847K [0x00000000c0000000, 0x00000000c8000000, 0x00000000eab00000)
  object space 131072K, 4% used [0x00000000c0000000,0x00000000c05b5c70,0x00000000c8000000)
 Metaspace       used 6189K, capacity 7128K, committed 7424K, reserved 1056768K
  class space    used 614K, capacity 656K, committed 768K, reserved 1048576K
}

Deoptimization events (10 events):
Event: 7.054 Thread 0x0000000007741000 Uncommon trap: reason=class_check action=maybe_recompile pc=0x000000000f537bc8 method=java.util.Arrays.hashCode([Ljava/lang/Object;)I @ 43
Event: 7.054 Thread 0x0000000007741000 Uncommon trap: reason=class_check action=maybe_recompile pc=0x000000000f537bc8 method=java.util.Arrays.hashCode([Ljava/lang/Object;)I @ 43
Event: 7.055 Thread 0x0000000007741000 Uncommon trap: reason=class_check action=maybe_recompile pc=0x000000000f537bc8 method=java.util.Arrays.hashCode([Ljava/lang/Object;)I @ 43
Event: 7.055 Thread 0x0000000007741000 Uncommon trap: reason=class_check action=maybe_recompile pc=0x000000000f52d0b4 method=java.util.Arrays.hashCode([Ljava/lang/Object;)I @ 43
Event: 7.660 Thread 0x0000000007741000 Uncommon trap: reason=unstable_if action=reinterpret pc=0x000000000f7deb08 method=java.util.TreeMap.put(Ljava/lang/Object;Ljava/lang/Object;)Ljava/lang/Object; @ 163
Event: 7.673 Thread 0x0000000007741000 Uncommon trap: reason=unstable_if action=reinterpret pc=0x000000000f84cacc method=com.android.dx.dex.code.OutputFinisher.findOpcodeForInsn(Lcom/android/dx/dex/code/DalvInsn;Lcom/android/dx/dex/code/Dop;)Lcom/android/dx/dex/code/Dop; @ 1
Event: 7.738 Thread 0x0000000007741000 Uncommon trap: reason=unstable_if action=reinterpret pc=0x000000000f85e49c method=com.android.dx.rop.code.RegisterSpec.matchesVariable(Lcom/android/dx/rop/code/RegisterSpec;)Z @ 59
Event: 7.964 Thread 0x0000000007741000 Uncommon trap: reason=unstable_if action=reinterpret pc=0x000000000f872f98 method=com.android.dx.dex.code.LocalList$MakeState.filterSpec(Lcom/android/dx/rop/code/RegisterSpec;)Lcom/android/dx/rop/code/RegisterSpec; @ 11
Event: 7.964 Thread 0x0000000007741000 Uncommon trap: reason=unstable_if action=reinterpret pc=0x000000000f8821a8 method=com.android.dx.dex.code.LocalList$MakeState.filterSpec(Lcom/android/dx/rop/code/RegisterSpec;)Lcom/android/dx/rop/code/RegisterSpec; @ 11
Event: 8.172 Thread 0x0000000007741000 Uncommon trap: reason=unstable_if action=reinterpret pc=0x000000000f8af9a4 method=java.util.ArrayList.<init>(I)V @ 5

Internal exceptions (6 events):
Event: 0.400 Thread 0x0000000000b8e000 Exception <a 'java/lang/NoSuchMethodError': Method sun.misc.Unsafe.defineClass(Ljava/lang/String;[BII)Ljava/lang/Class; name or signature does not match> (0x00000000eab0d948) thrown at [C:\re\workspace\8-2-build-windows-amd64-cygwin\jdk8u60\4407\hotspot\sr-j¨)¢Ù?
Event: 0.401 Thread 0x0000000000b8e000 Exception <a 'java/lang/NoSuchMethodError': Method sun.misc.Unsafe.prefetchRead(Ljava/lang/Object;J)V name or signature does not match> (0x00000000eab0dc30) thrown at [C:\re\workspace\8-2-build-windows-amd64-cygwin\jdk8u60\4407\hotspot\src\share\vm\prims\jÒ“Ž†Àù?
Event: 1.610 Thread 0x0000000007741000 Implicit null exception at 0x000000000f35050d to 0x000000000f351b65
Event: 2.354 Thread 0x000000000773f800 Exception <a 'java/lang/ArrayIndexOutOfBoundsException': 18> (0x00000000ecde0588) thrown at [C:\re\workspace\8-2-build-windows-amd64-cygwin\jdk8u60\4407\hotspot\src\share\vm\interpreter\interpreterRuntime.cpp, line 366]
Event: 2.354 Thread 0x000000000773f800 Exception <a 'java/lang/ArrayIndexOutOfBoundsException': 145> (0x00000000ecde2108) thrown at [C:\re\workspace\8-2-build-windows-amd64-cygwin\jdk8u60\4407\hotspot\src\share\vm\interpreter\interpreterRuntime.cpp, line 366]
Event: 2.355 Thread 0x000000000773f800 Exception <a 'java/lang/ArrayIndexOutOfBoundsException'> (0x00000000ecde33f0) thrown at [C:\re\workspace\8-2-build-windows-amd64-cygwin\jdk8u60\4407\hotspot\src\share\vm\runtime\sharedRuntime.cpp, line 605]

Events (10 events):
Event: 8.161 Thread 0x0000000007741000 DEOPT UNPACKING pc=0x000000000f05787f sp=0x000000000997ecb0 mode 0
Event: 8.169 loading class com/android/dx/dex/file/DebugInfoEncoder
Event: 8.169 loading class com/android/dx/dex/file/DebugInfoEncoder done
Event: 8.171 loading class com/android/dx/dex/file/DebugInfoEncoder$1
Event: 8.171 loading class com/android/dx/dex/file/DebugInfoEncoder$1 done
Event: 8.172 Thread 0x0000000007741000 Uncommon trap: trap_request=0xffffff65 fr.pc=0x000000000f8af9a4
Event: 8.172 Thread 0x0000000007741000 DEOPT PACKING pc=0x000000000f8af9a4 sp=0x000000000997ed20
Event: 8.172 Thread 0x0000000007741000 DEOPT UNPACKING pc=0x000000000f05582a sp=0x000000000997ecc8 mode 2
Event: 8.172 loading class com/android/dx/dex/file/DebugInfoEncoder$2
Event: 8.172 loading class com/android/dx/dex/file/DebugInfoEncoder$2 done


Dynamic libraries:
0x00007ff7de770000 - 0x00007ff7de7a7000 	C:\Program Files\Java\jdk1.8.0_60\bin\java.exe
0x00007ff82ea80000 - 0x00007ff82ec41000 	C:\WINDOWS\SYSTEM32\ntdll.dll
0x00007ff82ddc0000 - 0x00007ff82de6d000 	C:\WINDOWS\system32\KERNEL32.DLL
0x00007ff82b130000 - 0x00007ff82b318000 	C:\WINDOWS\system32\KERNELBASE.dll
0x00007ff82e550000 - 0x00007ff82e5f7000 	C:\WINDOWS\system32\ADVAPI32.dll
0x00007ff82e6a0000 - 0x00007ff82e73d000 	C:\WINDOWS\system32\msvcrt.dll
0x00007ff82d8c0000 - 0x00007ff82d91b000 	C:\WINDOWS\system32\sechost.dll
0x00007ff82dfe0000 - 0x00007ff82e0fc000 	C:\WINDOWS\system32\RPCRT4.dll
0x00007ff82d760000 - 0x00007ff82d8b6000 	C:\WINDOWS\system32\USER32.dll
0x00007ff82d5b0000 - 0x00007ff82d736000 	C:\WINDOWS\system32\GDI32.dll
0x00007ff825fe0000 - 0x00007ff826254000 	C:\WINDOWS\WinSxS\amd64_microsoft.windows.common-controls_6595b64144ccf1df_6.0.10586.494_none_a2d8b04ea53e3145\COMCTL32.dll
0x00007ff82e100000 - 0x00007ff82e37d000 	C:\WINDOWS\system32\combase.dll
0x00007ff82be10000 - 0x00007ff82be7a000 	C:\WINDOWS\system32\bcryptPrimitives.dll
0x00007ff82e600000 - 0x00007ff82e63b000 	C:\WINDOWS\system32\IMM32.DLL
0x00007ff82a060000 - 0x00007ff82a091000 	C:\Windows\system32\nvinitx.dll
0x00007ff82a050000 - 0x00007ff82a05a000 	C:\WINDOWS\SYSTEM32\VERSION.dll
0x000000000f000000 - 0x000000000f006000 	C:\Program Files\NVIDIA Corporation\CoProcManager\_etoured.dll
0x00007ff828ff0000 - 0x00007ff829022000 	C:\Program Files\NVIDIA Corporation\CoProcManager\nvd3d9wrapx.dll
0x00007ff82d920000 - 0x00007ff82dd49000 	C:\WINDOWS\system32\SETUPAPI.dll
0x00007ff82b320000 - 0x00007ff82b363000 	C:\WINDOWS\system32\CFGMGR32.dll
0x00007ff828fc0000 - 0x00007ff828fe2000 	C:\Program Files\NVIDIA Corporation\CoProcManager\nvdxgiwrapx.dll
0x000000006d310000 - 0x000000006d3e2000 	C:\Program Files\Java\jdk1.8.0_60\jre\bin\msvcr100.dll
0x000000006d790000 - 0x000000006e019000 	C:\Program Files\Java\jdk1.8.0_60\jre\bin\server\jvm.dll
0x00007ff82e380000 - 0x00007ff82e388000 	C:\WINDOWS\system32\PSAPI.DLL
0x00007ff811180000 - 0x00007ff811189000 	C:\WINDOWS\SYSTEM32\WSOCK32.dll
0x00007ff82dd50000 - 0x00007ff82ddbb000 	C:\WINDOWS\system32\WS2_32.dll
0x00007ff8292d0000 - 0x00007ff8292f3000 	C:\WINDOWS\SYSTEM32\WINMM.dll
0x00007ff829270000 - 0x00007ff82929c000 	C:\WINDOWS\SYSTEM32\WINMMBASE.dll
0x000000006d780000 - 0x000000006d78f000 	C:\Program Files\Java\jdk1.8.0_60\jre\bin\verify.dll
0x000000006d750000 - 0x000000006d779000 	C:\Program Files\Java\jdk1.8.0_60\jre\bin\java.dll
0x000000006d730000 - 0x000000006d746000 	C:\Program Files\Java\jdk1.8.0_60\jre\bin\zip.dll
0x00007ff82bf00000 - 0x00007ff82d45c000 	C:\WINDOWS\system32\SHELL32.dll
0x00007ff82b4b0000 - 0x00007ff82baf5000 	C:\WINDOWS\system32\windows.storage.dll
0x00007ff82e390000 - 0x00007ff82e3e2000 	C:\WINDOWS\system32\shlwapi.dll
0x00007ff82b0d0000 - 0x00007ff82b0df000 	C:\WINDOWS\system32\kernel.appcore.dll
0x00007ff82b3f0000 - 0x00007ff82b4a5000 	C:\WINDOWS\system32\shcore.dll
0x0000000007050000 - 0x000000000709b000 	C:\WINDOWS\system32\powrprof.dll
0x00007ff82b0a0000 - 0x00007ff82b0b4000 	C:\WINDOWS\system32\profapi.dll

VM Arguments:
jvm_args: -Djava.awt.headless=true -Xmx1024M -Dfile.encoding=windows-1252 -Duser.country=ES -Duser.language=es -Duser.variant 
java_command: com.android.dx.command.Main --dex --force-jumbo --num-threads=4 --multi-dex --output C:\Users\Patrik\AndroidStudioProjects\RiverMonitor\app\build\intermediates\transforms\dex\debug\folders\1000\10\com.android.support-support-core-ui-24.2.0_fbd8fa72523a1615950b12f6f6fb5773a11f99f3 C:\Users\Patrik\AndroidStudioProjects\RiverMonitor\app\build\intermediates\exploded-aar\com.android.support\support-core-ui\24.2.0\jars\classes.jar
java_class_path (initial): C:\Users\Patrik\AppData\Local\Android\sdk\build-tools\23.0.1\lib\dx.jar
Launcher Type: SUN_STANDARD

Environment Variables:
JAVA_HOME=C:\Program Files\Java\jdk1.8.0_60
PATH=C:\ProgramData\Oracle\Java\javapath;C:\Program Files (x86)\Intel\iCLS Client\;C:\Program Files\Intel\iCLS Client\;C:\Program Files (x86)\NVIDIA Corporation\PhysX\Common;C:\WINDOWS\system32;C:\WINDOWS;C:\WINDOWS\System32\Wbem;C:\WINDOWS\System32\WindowsPowerShell\v1.0\;C:\Program Files\Intel\Intel(R) Management Engine Components\DAL;C:\Program Files\Intel\Intel(R) Management Engine Components\IPT;C:\Program Files (x86)\Intel\Intel(R) Management Engine Components\DAL;C:\Program Files (x86)\Intel\Intel(R) Management Engine Components\IPT;C:\Program Files (x86)\Windows Kits\8.1\Windows Performance Toolkit\;C:\Program Files\Microsoft SQL Server\110\Tools\Binn\;C:\Program Files (x86)\Common Files\Plantronics\;C:\Program Files (x86)\Plantronics\MyHeadsetUpdater\;C:\Program Files (x86)\Plantronics\VoyagerEdge\;C:\Program Files (x86)\Skype\Phone\;C:\Program Files (x86)\Euroclear\Euroclear PKI Components\;C:\ProgramData\chocolatey\bin;C:\Program Files (x86)\QuickTime\QTSystem\
USERNAME=Patrik
OS=Windows_NT
PROCESSOR_IDENTIFIER=Intel64 Family 6 Model 58 Stepping 9, GenuineIntel



---------------  S Y S T E M  ---------------

OS: Windows 10.0 , 64 bit Build 10586 (10.0.10586.0)

CPU:total 4 (2 cores per cpu, 2 threads per core) family 6 model 58 stepping 9, cmov, cx8, fxsr, mmx, sse, sse2, sse3, ssse3, sse4.1, sse4.2, popcnt, avx, aes, clmul, erms, ht, tsc, tscinvbit, tscinv

Memory: 4k page, physical 12461416k(1393236k free), swap 12461416k(4216k free)

vm_info: Java HotSpot(TM) 64-Bit Server VM (25.60-b23) for windows-amd64 JRE (1.8.0_60-b27), built on Aug  4 2015 11:06:27 by "java_re" with MS VC++ 10.0 (VS2010)

time: Sun Aug 28 11:48:58 2016
elapsed time: 8 seconds (0d 0h 0m 8s)

