#
# There is insufficient memory for the Java Runtime Environment to continue.
# Native memory allocation (malloc) failed to allocate 1716016 bytes for Chunk::new
# Possible reasons:
#   The system is out of physical RAM or swap space
#   In 32 bit mode, the process size limit was hit
# Possible solutions:
#   Reduce memory load on the system
#   Increase physical memory or swap space
#   Check if swap backing store is full
#   Use 64 bit Java on a 64 bit OS
#   Decrease Java heap size (-Xmx/-Xms)
#   Decrease number of Java threads
#   Decrease Java thread stack sizes (-Xss)
#   Set larger code cache with -XX:ReservedCodeCacheSize=
# This output file may be truncated or incomplete.
#
#  Out of Memory Error (allocation.cpp:390), pid=19776, tid=16464
#
# JRE version: Java(TM) SE Runtime Environment (8.0_60-b27) (build 1.8.0_60-b27)
# Java VM: Java HotSpot(TM) 64-Bit Server VM (25.60-b23 mixed mode windows-amd64 compressed oops)
# Failed to write core dump. Minidumps are not enabled by default on client versions of Windows
#

---------------  T H R E A D  ---------------

Current thread (0x0000000005fea800):  JavaThread "C2 CompilerThread0" daemon [_thread_in_native, id=16464, stack(0x0000000007ca0000,0x0000000007da0000)]

Stack: [0x0000000007ca0000,0x0000000007da0000]
[error occurred during error reporting (printing stack bounds), id 0xc0000005]

Native frames: (J=compiled Java code, j=interpreted, Vv=VM code, C=native code)


Current CompileTask:
C2:   5335 2177       4       com.android.dx.dex.code.DalvCode::finishProcessingIfNecessary (69 bytes)


---------------  P R O C E S S  ---------------

Java Threads: ( => current thread )
  0x0000000008266800 JavaThread "pool-1-thread-1" [_thread_in_Java, id=19212, stack(0x000000000a3a0000,0x000000000a4a0000)]
  0x0000000007fb3800 JavaThread "Service Thread" daemon [_thread_blocked, id=10604, stack(0x00000000083a0000,0x00000000084a0000)]
  0x000000000604c800 JavaThread "C1 CompilerThread2" daemon [_thread_blocked, id=15056, stack(0x0000000007ea0000,0x0000000007fa0000)]
  0x0000000005ff0800 JavaThread "C2 CompilerThread1" daemon [_thread_in_native, id=12084, stack(0x0000000007da0000,0x0000000007ea0000)]
=>0x0000000005fea800 JavaThread "C2 CompilerThread0" daemon [_thread_in_native, id=16464, stack(0x0000000007ca0000,0x0000000007da0000)]
  0x0000000005fe8000 JavaThread "Attach Listener" daemon [_thread_blocked, id=15928, stack(0x0000000007ba0000,0x0000000007ca0000)]
  0x0000000005fe6800 JavaThread "Signal Dispatcher" daemon [_thread_blocked, id=10768, stack(0x0000000007aa0000,0x0000000007ba0000)]
  0x0000000002910800 JavaThread "Finalizer" daemon [_thread_blocked, id=6104, stack(0x0000000007250000,0x0000000007350000)]
  0x0000000005fb9000 JavaThread "Reference Handler" daemon [_thread_blocked, id=14036, stack(0x0000000007150000,0x0000000007250000)]
  0x0000000000e8e000 JavaThread "main" [_thread_blocked, id=2308, stack(0x0000000002720000,0x0000000002820000)]

Other Threads:
  0x0000000005fb7800 VMThread [stack: 0x0000000007050000,0x0000000007150000] [id=12748]
  0x0000000007fae000 WatcherThread [stack: 0x00000000084a0000,0x00000000085a0000] [id=5380]

VM state:not at safepoint (normal execution)

VM Mutex/Monitor currently owned by a thread: None

Heap:
 PSYoungGen      total 57344K, used 44355K [0x00000000eab00000, 0x00000000f1b00000, 0x0000000100000000)
  eden space 49152K, 73% used [0x00000000eab00000,0x00000000ece52180,0x00000000edb00000)
  from space 8192K, 99% used [0x00000000ee300000,0x00000000eeafeae8,0x00000000eeb00000)
  to   space 8192K, 0% used [0x00000000edb00000,0x00000000edb00000,0x00000000ee300000)
 ParOldGen       total 131072K, used 6466K [0x00000000c0000000, 0x00000000c8000000, 0x00000000eab00000)
  object space 131072K, 4% used [0x00000000c0000000,0x00000000c0650be8,0x00000000c8000000)
 Metaspace       used 6968K, capacity 7608K, committed 7936K, reserved 1056768K
  class space    used 647K, capacity 688K, committed 768K, reserved 1048576K

Card table byte_map: [0x0000000002ce0000,0x0000000002ef0000] byte_map_base: 0x00000000026e0000

Marking Bits: (ParMarkBitMap*) 0x000000006c30a5b0
 Begin Bits: [0x0000000003450000, 0x0000000004450000)
 End Bits:   [0x0000000004450000, 0x0000000005450000)

Polling page: 0x0000000000e70000

CodeCache: size=245760Kb used=9221Kb max_used=9233Kb free=236538Kb
 bounds [0x000000000f010000, 0x000000000f920000, 0x000000001e010000]
 total_blobs=2564 nmethods=2287 adapters=189
 compilation: enabled

Compilation events (10 events):
Event: 5.284 Thread 0x0000000005ff0800 nmethod 2305 0x000000000f9142d0 code [0x000000000f914400, 0x000000000f914498]
Event: 5.311 Thread 0x000000000604c800 2307       3       java.lang.Integer::reverseBytes (26 bytes)
Event: 5.312 Thread 0x000000000604c800 nmethod 2307 0x000000000f9170d0 code [0x000000000f917220, 0x000000000f917370]
Event: 5.315 Thread 0x0000000005ff0800 2308       4       java.lang.Integer::reverseBytes (26 bytes)
Event: 5.316 Thread 0x0000000005ff0800 nmethod 2308 0x000000000f9057d0 code [0x000000000f905900, 0x000000000f905978]
Event: 5.319 Thread 0x000000000604c800 2309       3       sun.security.provider.SHA::implCompress (491 bytes)
Event: 5.321 Thread 0x000000000604c800 nmethod 2309 0x000000000f917810 code [0x000000000f917a00, 0x000000000f9182e8]
Event: 5.321 Thread 0x000000000604c800 2310       3       sun.security.provider.ByteArrayAccess::b2iBig64 (614 bytes)
Event: 5.323 Thread 0x000000000604c800 nmethod 2310 0x000000000f915a90 code [0x000000000f915ca0, 0x000000000f916a68]
Event: 5.324 Thread 0x0000000005ff0800 2311 %     4       sun.security.provider.SHA::implCompress @ 364 (491 bytes)

GC Heap History (4 events):
Event: 1.972 GC heap before
{Heap before GC invocations=1 (full 0):
 PSYoungGen      total 57344K, used 49152K [0x00000000eab00000, 0x00000000eeb00000, 0x0000000100000000)
  eden space 49152K, 100% used [0x00000000eab00000,0x00000000edb00000,0x00000000edb00000)
  from space 8192K, 0% used [0x00000000ee300000,0x00000000ee300000,0x00000000eeb00000)
  to   space 8192K, 0% used [0x00000000edb00000,0x00000000edb00000,0x00000000ee300000)
 ParOldGen       total 131072K, used 0K [0x00000000c0000000, 0x00000000c8000000, 0x00000000eab00000)
  object space 131072K, 0% used [0x00000000c0000000,0x00000000c0000000,0x00000000c8000000)
 Metaspace       used 6083K, capacity 7088K, committed 7296K, reserved 1056768K
  class space    used 593K, capacity 616K, committed 640K, reserved 1048576K
Event: 1.989 GC heap after
Heap after GC invocations=1 (full 0):
 PSYoungGen      total 57344K, used 8160K [0x00000000eab00000, 0x00000000eeb00000, 0x0000000100000000)
  eden space 49152K, 0% used [0x00000000eab00000,0x00000000eab00000,0x00000000edb00000)
  from space 8192K, 99% used [0x00000000edb00000,0x00000000ee2f83e8,0x00000000ee300000)
  to   space 8192K, 0% used [0x00000000ee300000,0x00000000ee300000,0x00000000eeb00000)
 ParOldGen       total 131072K, used 638K [0x00000000c0000000, 0x00000000c8000000, 0x00000000eab00000)
  object space 131072K, 0% used [0x00000000c0000000,0x00000000c009fb90,0x00000000c8000000)
 Metaspace       used 6083K, capacity 7088K, committed 7296K, reserved 1056768K
  class space    used 593K, capacity 616K, committed 640K, reserved 1048576K
}
Event: 2.865 GC heap before
{Heap before GC invocations=2 (full 0):
 PSYoungGen      total 57344K, used 57312K [0x00000000eab00000, 0x00000000eeb00000, 0x0000000100000000)
  eden space 49152K, 100% used [0x00000000eab00000,0x00000000edb00000,0x00000000edb00000)
  from space 8192K, 99% used [0x00000000edb00000,0x00000000ee2f83e8,0x00000000ee300000)
  to   space 8192K, 0% used [0x00000000ee300000,0x00000000ee300000,0x00000000eeb00000)
 ParOldGen       total 131072K, used 638K [0x00000000c0000000, 0x00000000c8000000, 0x00000000eab00000)
  object space 131072K, 0% used [0x00000000c0000000,0x00000000c009fb90,0x00000000c8000000)
 Metaspace       used 6248K, capacity 7152K, committed 7296K, reserved 1056768K
  class space    used 594K, capacity 616K, committed 640K, reserved 1048576K
Event: 2.903 GC heap after
Heap after GC invocations=2 (full 0):
 PSYoungGen      total 57344K, used 8186K [0x00000000eab00000, 0x00000000f1b00000, 0x0000000100000000)
  eden space 49152K, 0% used [0x00000000eab00000,0x00000000eab00000,0x00000000edb00000)
  from space 8192K, 99% used [0x00000000ee300000,0x00000000eeafeae8,0x00000000eeb00000)
  to   space 8192K, 0% used [0x00000000edb00000,0x00000000edb00000,0x00000000ee300000)
 ParOldGen       total 131072K, used 6466K [0x00000000c0000000, 0x00000000c8000000, 0x00000000eab00000)
  object space 131072K, 4% used [0x00000000c0000000,0x00000000c0650be8,0x00000000c8000000)
 Metaspace       used 6248K, capacity 7152K, committed 7296K, reserved 1056768K
  class space    used 594K, capacity 616K, committed 640K, reserved 1048576K
}

Deoptimization events (10 events):
Event: 4.960 Thread 0x0000000008266800 Uncommon trap: reason=unstable_if action=reinterpret pc=0x000000000f856904 method=com.android.dx.util.ByteArrayAnnotatedOutput.writeByte(I)V @ 13
Event: 5.139 Thread 0x0000000008266800 Uncommon trap: reason=unstable_if action=reinterpret pc=0x000000000f882b3c method=com.android.dx.util.ByteArrayAnnotatedOutput.writeUleb128(I)I @ 4
Event: 5.139 Thread 0x0000000008266800 Uncommon trap: reason=unstable_if action=reinterpret pc=0x000000000f87118c method=com.android.dx.util.ByteArrayAnnotatedOutput.writeByte(I)V @ 13
Event: 5.263 Thread 0x0000000008266800 Uncommon trap: reason=unstable_if action=reinterpret pc=0x000000000f32f8ac method=java.util.Arrays.copyOf([Ljava/lang/Object;ILjava/lang/Class;)[Ljava/lang/Object; @ 3
Event: 5.266 Thread 0x0000000008266800 Uncommon trap: reason=speculate_class_check action=maybe_recompile pc=0x000000000f763638 method=java.util.HashMap.putVal(ILjava/lang/Object;Ljava/lang/Object;ZZ)Ljava/lang/Object; @ 56
Event: 5.266 Thread 0x0000000008266800 Uncommon trap: reason=speculate_class_check action=maybe_recompile pc=0x000000000f7636a4 method=java.util.HashMap.putVal(ILjava/lang/Object;Ljava/lang/Object;ZZ)Ljava/lang/Object; @ 152
Event: 5.266 Thread 0x0000000008266800 Uncommon trap: reason=speculate_class_check action=maybe_recompile pc=0x000000000f763638 method=java.util.HashMap.putVal(ILjava/lang/Object;Ljava/lang/Object;ZZ)Ljava/lang/Object; @ 56
Event: 5.266 Thread 0x0000000008266800 Uncommon trap: reason=speculate_class_check action=maybe_recompile pc=0x000000000f763638 method=java.util.HashMap.putVal(ILjava/lang/Object;Ljava/lang/Object;ZZ)Ljava/lang/Object; @ 56
Event: 5.266 Thread 0x0000000008266800 Uncommon trap: reason=class_check action=maybe_recompile pc=0x000000000f751948 method=java.util.HashMap.putVal(ILjava/lang/Object;Ljava/lang/Object;ZZ)Ljava/lang/Object; @ 56
Event: 5.266 Thread 0x0000000008266800 Uncommon trap: reason=class_check action=maybe_recompile pc=0x000000000f751948 method=java.util.HashMap.putVal(ILjava/lang/Object;Ljava/lang/Object;ZZ)Ljava/lang/Object; @ 56

Internal exceptions (2 events):
Event: 0.161 Thread 0x0000000000e8e000 Exception <a 'java/lang/NoSuchMethodError': Method sun.misc.Unsafe.defineClass(Ljava/lang/String;[BII)Ljava/lang/Class; name or signature does not match> (0x00000000eab0d938) thrown at [C:\re\workspace\8-2-build-windows-amd64-cygwin\jdk8u60\4407\hotspot\sr`øˆ ¸‘Ä?
Event: 0.161 Thread 0x0000000000e8e000 Exception <a 'java/lang/NoSuchMethodError': Method sun.misc.Unsafe.prefetchRead(Ljava/lang/Object;J)V name or signature does not match> (0x00000000eab0dc20) thrown at [C:\re\workspace\8-2-build-windows-amd64-cygwin\jdk8u60\4407\hotspot\src\share\vm\prims\j

Events (10 events):
Event: 5.279 loading class sun/security/provider/SHA
Event: 5.279 loading class sun/security/provider/DigestBase
Event: 5.279 loading class sun/security/provider/DigestBase done
Event: 5.280 loading class sun/security/provider/SHA done
Event: 5.280 loading class sun/security/jca/GetInstance$Instance
Event: 5.280 loading class sun/security/jca/GetInstance$Instance done
Event: 5.280 loading class java/security/MessageDigest$Delegate
Event: 5.280 loading class java/security/MessageDigest$Delegate done
Event: 5.280 loading class sun/security/provider/ByteArrayAccess
Event: 5.280 loading class sun/security/provider/ByteArrayAccess done


Dynamic libraries:
0x00007ff6d6170000 - 0x00007ff6d61a7000 	C:\Program Files\Java\jdk1.8.0_60\bin\java.exe
0x00007ffceca50000 - 0x00007ffcecc11000 	C:\WINDOWS\SYSTEM32\ntdll.dll
0x00007ffceb930000 - 0x00007ffceb9dd000 	C:\WINDOWS\system32\KERNEL32.DLL
0x00007ffce9b90000 - 0x00007ffce9d78000 	C:\WINDOWS\system32\KERNELBASE.dll
0x00007ffcec8b0000 - 0x00007ffcec957000 	C:\WINDOWS\system32\ADVAPI32.dll
0x00007ffcec810000 - 0x00007ffcec8ad000 	C:\WINDOWS\system32\msvcrt.dll
0x00007ffceb610000 - 0x00007ffceb66b000 	C:\WINDOWS\system32\sechost.dll
0x00007ffceb6b0000 - 0x00007ffceb7cc000 	C:\WINDOWS\system32\RPCRT4.dll
0x00007ffcebb70000 - 0x00007ffcebcc6000 	C:\WINDOWS\system32\USER32.dll
0x00007ffceb9e0000 - 0x00007ffcebb66000 	C:\WINDOWS\system32\GDI32.dll
0x00007ffce3b00000 - 0x00007ffce3d74000 	C:\WINDOWS\WinSxS\amd64_microsoft.windows.common-controls_6595b64144ccf1df_6.0.10586.494_none_a2d8b04ea53e3145\COMCTL32.dll
0x00007ffcec430000 - 0x00007ffcec6ad000 	C:\WINDOWS\system32\combase.dll
0x00007ffce94d0000 - 0x00007ffce953a000 	C:\WINDOWS\system32\bcryptPrimitives.dll
0x00007ffceb670000 - 0x00007ffceb6ab000 	C:\WINDOWS\system32\IMM32.DLL
0x00007ffce8030000 - 0x00007ffce8061000 	C:\Windows\system32\nvinitx.dll
0x00007ffce8020000 - 0x00007ffce802a000 	C:\WINDOWS\SYSTEM32\VERSION.dll
0x000000000f000000 - 0x000000000f006000 	C:\Program Files\NVIDIA Corporation\CoProcManager\_etoured.dll
0x00007ffce4770000 - 0x00007ffce47a2000 	C:\Program Files\NVIDIA Corporation\CoProcManager\nvd3d9wrapx.dll
0x00007ffcebcd0000 - 0x00007ffcec0f9000 	C:\WINDOWS\system32\SETUPAPI.dll
0x00007ffce93f0000 - 0x00007ffce9433000 	C:\WINDOWS\system32\CFGMGR32.dll
0x00007ffce56e0000 - 0x00007ffce5702000 	C:\Program Files\NVIDIA Corporation\CoProcManager\nvdxgiwrapx.dll
0x000000006b680000 - 0x000000006b752000 	C:\Program Files\Java\jdk1.8.0_60\jre\bin\msvcr100.dll
0x000000006bb00000 - 0x000000006c389000 	C:\Program Files\Java\jdk1.8.0_60\jre\bin\server\jvm.dll
0x00007ffcec960000 - 0x00007ffcec968000 	C:\WINDOWS\system32\PSAPI.DLL
0x00007ffcdc8a0000 - 0x00007ffcdc8a9000 	C:\WINDOWS\SYSTEM32\WSOCK32.dll
0x00007ffcec2b0000 - 0x00007ffcec31b000 	C:\WINDOWS\system32\WS2_32.dll
0x00007ffce7720000 - 0x00007ffce7743000 	C:\WINDOWS\SYSTEM32\WINMM.dll
0x0000000000e40000 - 0x0000000000e6c000 	C:\WINDOWS\SYSTEM32\WINMMBASE.dll
0x000000006baf0000 - 0x000000006baff000 	C:\Program Files\Java\jdk1.8.0_60\jre\bin\verify.dll
0x000000006bac0000 - 0x000000006bae9000 	C:\Program Files\Java\jdk1.8.0_60\jre\bin\java.dll
0x000000006baa0000 - 0x000000006bab6000 	C:\Program Files\Java\jdk1.8.0_60\jre\bin\zip.dll
0x00007ffce9e50000 - 0x00007ffceb3ac000 	C:\WINDOWS\system32\SHELL32.dll
0x0000000007450000 - 0x0000000007a95000 	C:\WINDOWS\system32\windows.storage.dll
0x00007ffcec3d0000 - 0x00007ffcec422000 	C:\WINDOWS\system32\shlwapi.dll
0x00007ffce90a0000 - 0x00007ffce90af000 	C:\WINDOWS\system32\kernel.appcore.dll
0x00007ffce9160000 - 0x00007ffce9215000 	C:\WINDOWS\system32\shcore.dll
0x00007ffce90b0000 - 0x00007ffce90fb000 	C:\WINDOWS\system32\powrprof.dll
0x00007ffce9080000 - 0x00007ffce9094000 	C:\WINDOWS\system32\profapi.dll

VM Arguments:
jvm_args: -Djava.awt.headless=true -Xmx1024M -Dfile.encoding=windows-1252 -Duser.country=ES -Duser.language=es -Duser.variant 
java_command: com.android.dx.command.Main --dex --force-jumbo --num-threads=4 --multi-dex --output C:\Users\Patrik\AndroidStudioProjects\RiverMonitor\app\build\intermediates\transforms\dex\debug\folders\1000\10\internal_impl-24.1.1_bdd389f57e3b26f5c70cc8ca7cfefadaef8004a3 C:\Users\Patrik\AndroidStudioProjects\RiverMonitor\app\build\intermediates\exploded-aar\com.android.support\support-v4\24.1.1\jars\libs\internal_impl-24.1.1.jar
java_class_path (initial): C:\Users\Patrik\AppData\Local\Android\sdk\build-tools\23.0.1\lib\dx.jar
Launcher Type: SUN_STANDARD

Environment Variables:
JAVA_HOME=C:\Program Files\Java\jdk1.8.0_60
PATH=C:\ProgramData\Oracle\Java\javapath;C:\Program Files (x86)\Intel\iCLS Client\;C:\Program Files\Intel\iCLS Client\;C:\Program Files (x86)\NVIDIA Corporation\PhysX\Common;C:\WINDOWS\system32;C:\WINDOWS;C:\WINDOWS\System32\Wbem;C:\WINDOWS\System32\WindowsPowerShell\v1.0\;C:\Program Files\Intel\Intel(R) Management Engine Components\DAL;C:\Program Files\Intel\Intel(R) Management Engine Components\IPT;C:\Program Files (x86)\Intel\Intel(R) Management Engine Components\DAL;C:\Program Files (x86)\Intel\Intel(R) Management Engine Components\IPT;C:\Program Files (x86)\Windows Kits\8.1\Windows Performance Toolkit\;C:\Program Files\Microsoft SQL Server\110\Tools\Binn\;C:\Program Files (x86)\Common Files\Plantronics\;C:\Program Files (x86)\Plantronics\MyHeadsetUpdater\;C:\Program Files (x86)\Plantronics\VoyagerEdge\;C:\Program Files (x86)\Skype\Phone\;C:\Program Files (x86)\Euroclear\Euroclear PKI Components\;C:\ProgramData\chocolatey\bin;C:\Program Files (x86)\QuickTime\QTSystem\
USERNAME=Patrik
OS=Windows_NT
PROCESSOR_IDENTIFIER=Intel64 Family 6 Model 58 Stepping 9, GenuineIntel



---------------  S Y S T E M  ---------------

OS: Windows 10.0 , 64 bit Build 10586 (10.0.10586.0)

CPU:total 4 (2 cores per cpu, 2 threads per core) family 6 model 58 stepping 9, cmov, cx8, fxsr, mmx, sse, sse2, sse3, ssse3, sse4.1, sse4.2, popcnt, avx, aes, clmul, erms, ht, tsc, tscinvbit, tscinv

Memory: 4k page, physical 12461416k(1667712k free), swap 12461416k(4484k free)

vm_info: Java HotSpot(TM) 64-Bit Server VM (25.60-b23) for windows-amd64 JRE (1.8.0_60-b27), built on Aug  4 2015 11:06:27 by "java_re" with MS VC++ 10.0 (VS2010)

time: Thu Aug 25 22:52:35 2016
elapsed time: 5 seconds (0d 0h 0m 5s)

