#
# There is insufficient memory for the Java Runtime Environment to continue.
# Native memory allocation (malloc) failed to allocate 931136 bytes for Chunk::new
# Possible reasons:
#   The system is out of physical RAM or swap space
#   In 32 bit mode, the process size limit was hit
# Possible solutions:
#   Reduce memory load on the system
#   Increase physical memory or swap space
#   Check if swap backing store is full
#   Use 64 bit Java on a 64 bit OS
#   Decrease Java heap size (-Xmx/-Xms)
#   Decrease number of Java threads
#   Decrease Java thread stack sizes (-Xss)
#   Set larger code cache with -XX:ReservedCodeCacheSize=
# This output file may be truncated or incomplete.
#
#  Out of Memory Error (allocation.cpp:390), pid=9088, tid=12764
#
# JRE version: Java(TM) SE Runtime Environment (8.0_60-b27) (build 1.8.0_60-b27)
# Java VM: Java HotSpot(TM) 64-Bit Server VM (25.60-b23 mixed mode windows-amd64 compressed oops)
# Failed to write core dump. Minidumps are not enabled by default on client versions of Windows
#

---------------  T H R E A D  ---------------

Current thread (0x0000000005cca800):  JavaThread "C2 CompilerThread0" daemon [_thread_in_native, id=12764, stack(0x0000000007330000,0x0000000007430000)]

Stack: [0x0000000007330000,0x0000000007430000]
[error occurred during error reporting (printing stack bounds), id 0xc0000005]

Native frames: (J=compiled Java code, j=interpreted, Vv=VM code, C=native code)


Current CompileTask:
C2:   3166 1530       4       com.android.dx.ssa.LocalVariableExtractor::processBlock (383 bytes)


---------------  P R O C E S S  ---------------

Java Threads: ( => current thread )
  0x00000000078a8000 JavaThread "pool-2-thread-4" [_thread_blocked, id=2428, stack(0x0000000008030000,0x0000000008130000)]
  0x00000000078a6000 JavaThread "pool-2-thread-3" [_thread_in_Java, id=15252, stack(0x0000000007f30000,0x0000000008030000)]
  0x0000000007897800 JavaThread "pool-2-thread-2" [_thread_in_Java, id=7748, stack(0x0000000007e30000,0x0000000007f30000)]
  0x0000000007895000 JavaThread "pool-3-thread-1" [_thread_blocked, id=4484, stack(0x0000000007d30000,0x0000000007e30000)]
  0x0000000007894000 JavaThread "pool-2-thread-1" [_thread_in_Java, id=11864, stack(0x0000000007c30000,0x0000000007d30000)]
  0x0000000005d2d800 JavaThread "Service Thread" daemon [_thread_blocked, id=1252, stack(0x0000000007a30000,0x0000000007b30000)]
  0x0000000005d1b800 JavaThread "C1 CompilerThread2" daemon [_thread_blocked, id=10068, stack(0x0000000007530000,0x0000000007630000)]
  0x0000000005cd0800 JavaThread "C2 CompilerThread1" daemon [_thread_in_native, id=12464, stack(0x0000000007430000,0x0000000007530000)]
=>0x0000000005cca800 JavaThread "C2 CompilerThread0" daemon [_thread_in_native, id=12764, stack(0x0000000007330000,0x0000000007430000)]
  0x0000000005cc8000 JavaThread "Attach Listener" daemon [_thread_blocked, id=13744, stack(0x0000000007230000,0x0000000007330000)]
  0x0000000005cc6800 JavaThread "Signal Dispatcher" daemon [_thread_blocked, id=2480, stack(0x0000000007130000,0x0000000007230000)]
  0x00000000025f0800 JavaThread "Finalizer" daemon [_thread_blocked, id=13512, stack(0x0000000006f30000,0x0000000007030000)]
  0x0000000005c99000 JavaThread "Reference Handler" daemon [_thread_blocked, id=6828, stack(0x0000000006e30000,0x0000000006f30000)]
  0x00000000023fe000 JavaThread "main" [_thread_in_Java, id=2864, stack(0x0000000002400000,0x0000000002500000)]

Other Threads:
  0x0000000005c97800 VMThread [stack: 0x0000000006d30000,0x0000000006e30000] [id=4488]
  0x000000000764d800 WatcherThread [stack: 0x0000000007b30000,0x0000000007c30000] [id=13292]

VM state:not at safepoint (normal execution)

VM Mutex/Monitor currently owned by a thread: None

Heap:
 PSYoungGen      total 57344K, used 23692K [0x00000000eab00000, 0x00000000f1b00000, 0x0000000100000000)
  eden space 49152K, 31% used [0x00000000eab00000,0x00000000eba23650,0x00000000edb00000)
  from space 8192K, 99% used [0x00000000edb00000,0x00000000ee2ffb98,0x00000000ee300000)
  to   space 8192K, 0% used [0x00000000f1300000,0x00000000f1300000,0x00000000f1b00000)
 ParOldGen       total 131072K, used 644K [0x00000000c0000000, 0x00000000c8000000, 0x00000000eab00000)
  object space 131072K, 0% used [0x00000000c0000000,0x00000000c00a1148,0x00000000c8000000)
 Metaspace       used 6159K, capacity 7128K, committed 7424K, reserved 1056768K
  class space    used 615K, capacity 656K, committed 768K, reserved 1048576K

Card table byte_map: [0x00000000029c0000,0x0000000002bd0000] byte_map_base: 0x00000000023c0000

Marking Bits: (ParMarkBitMap*) 0x000000006df9a5b0
 Begin Bits: [0x0000000003130000, 0x0000000004130000)
 End Bits:   [0x0000000004130000, 0x0000000005130000)

Polling page: 0x0000000000af0000

CodeCache: size=245760Kb used=6492Kb max_used=6492Kb free=239267Kb
 bounds [0x000000000f010000, 0x000000000f680000, 0x000000001e010000]
 total_blobs=1799 nmethods=1530 adapters=182
 compilation: enabled

Compilation events (10 events):
Event: 3.117 Thread 0x0000000005d1b800 1552       3       com.android.dx.cf.code.Ropper::addSynchExceptionHandlerBlock (206 bytes)
Event: 3.122 Thread 0x0000000005d1b800 nmethod 1552 0x000000000f669c90 code [0x000000000f66a220, 0x000000000f66def8]
Event: 3.122 Thread 0x0000000005d1b800 1547       3       com.android.dx.rop.type.Type::isReference (15 bytes)
Event: 3.122 Thread 0x0000000005d1b800 nmethod 1547 0x000000000f653750 code [0x000000000f6538a0, 0x000000000f653a50]
Event: 3.122 Thread 0x0000000005d1b800 1550       3       com.android.dx.cf.attrib.RawAttribute::<init> (30 bytes)
Event: 3.122 Thread 0x0000000005d1b800 nmethod 1550 0x000000000f652f90 code [0x000000000f653120, 0x000000000f653578]
Event: 3.122 Thread 0x0000000005d1b800 1554       3       com.android.dx.ssa.back.FirstFitLocalCombiningAllocator$1::visitPhiInsn (6 bytes)
Event: 3.123 Thread 0x0000000005d1b800 nmethod 1554 0x000000000f652c10 code [0x000000000f652d80, 0x000000000f652f08]
Event: 3.123 Thread 0x0000000005d1b800 1553       1       java.util.HashMap$Node::getKey (5 bytes)
Event: 3.123 Thread 0x0000000005d1b800 nmethod 1553 0x000000000f652950 code [0x000000000f652aa0, 0x000000000f652bb0]

GC Heap History (2 events):
Event: 2.900 GC heap before
{Heap before GC invocations=1 (full 0):
 PSYoungGen      total 57344K, used 49152K [0x00000000eab00000, 0x00000000eeb00000, 0x0000000100000000)
  eden space 49152K, 100% used [0x00000000eab00000,0x00000000edb00000,0x00000000edb00000)
  from space 8192K, 0% used [0x00000000ee300000,0x00000000ee300000,0x00000000eeb00000)
  to   space 8192K, 0% used [0x00000000edb00000,0x00000000edb00000,0x00000000ee300000)
 ParOldGen       total 131072K, used 0K [0x00000000c0000000, 0x00000000c8000000, 0x00000000eab00000)
  object space 131072K, 0% used [0x00000000c0000000,0x00000000c0000000,0x00000000c8000000)
 Metaspace       used 6030K, capacity 7024K, committed 7296K, reserved 1056768K
  class space    used 594K, capacity 616K, committed 640K, reserved 1048576K
Event: 2.972 GC heap after
Heap after GC invocations=1 (full 0):
 PSYoungGen      total 57344K, used 8190K [0x00000000eab00000, 0x00000000f1b00000, 0x0000000100000000)
  eden space 49152K, 0% used [0x00000000eab00000,0x00000000eab00000,0x00000000edb00000)
  from space 8192K, 99% used [0x00000000edb00000,0x00000000ee2ffb98,0x00000000ee300000)
  to   space 8192K, 0% used [0x00000000f1300000,0x00000000f1300000,0x00000000f1b00000)
 ParOldGen       total 131072K, used 644K [0x00000000c0000000, 0x00000000c8000000, 0x00000000eab00000)
  object space 131072K, 0% used [0x00000000c0000000,0x00000000c00a1148,0x00000000c8000000)
 Metaspace       used 6030K, capacity 7024K, committed 7296K, reserved 1056768K
  class space    used 594K, capacity 616K, committed 640K, reserved 1048576K
}

Deoptimization events (10 events):
Event: 2.996 Thread 0x00000000078a6000 Uncommon trap: reason=bimorphic action=maybe_recompile pc=0x000000000f27e494 method=java.util.HashMap.getNode(ILjava/lang/Object;)Ljava/util/HashMap$Node; @ 126
Event: 2.996 Thread 0x00000000078a6000 Uncommon trap: reason=class_check action=maybe_recompile pc=0x000000000f41ca9c method=java.util.HashMap.putVal(ILjava/lang/Object;Ljava/lang/Object;ZZ)Ljava/lang/Object; @ 203
Event: 2.996 Thread 0x00000000078a6000 Uncommon trap: reason=bimorphic action=maybe_recompile pc=0x000000000f27e494 method=java.util.HashMap.getNode(ILjava/lang/Object;)Ljava/util/HashMap$Node; @ 126
Event: 2.996 Thread 0x00000000078a6000 Uncommon trap: reason=class_check action=maybe_recompile pc=0x000000000f41ca9c method=java.util.HashMap.putVal(ILjava/lang/Object;Ljava/lang/Object;ZZ)Ljava/lang/Object; @ 203
Event: 2.996 Thread 0x00000000078a6000 Uncommon trap: reason=bimorphic action=maybe_recompile pc=0x000000000f2e2f84 method=java.util.HashMap.getNode(ILjava/lang/Object;)Ljava/util/HashMap$Node; @ 126
Event: 2.996 Thread 0x00000000078a6000 Uncommon trap: reason=unstable_if action=reinterpret pc=0x000000000f2ecc9c method=com.android.dx.rop.cst.Constant.compareTo(Lcom/android/dx/rop/cst/Constant;)I @ 12
Event: 3.004 Thread 0x00000000078a6000 Uncommon trap: reason=unstable_if action=reinterpret pc=0x000000000f5def00 method=com.android.dx.util.BitIntSet.has(I)Z @ 8
Event: 3.081 Thread 0x0000000007897800 Uncommon trap: reason=unstable_if action=reinterpret pc=0x000000000f30d37c method=java.util.HashMap.putVal(ILjava/lang/Object;Ljava/lang/Object;ZZ)Ljava/lang/Object; @ 162
Event: 3.089 Thread 0x0000000007897800 Uncommon trap: reason=unstable_if action=reinterpret pc=0x000000000f649618 method=java.util.HashMap.getNode(ILjava/lang/Object;)Ljava/util/HashMap$Node; @ 84
Event: 3.089 Thread 0x0000000007897800 Uncommon trap: reason=unstable_if action=reinterpret pc=0x000000000f633d28 method=java.util.HashMap.getNode(ILjava/lang/Object;)Ljava/util/HashMap$Node; @ 84

Internal exceptions (7 events):
Event: 0.072 Thread 0x00000000023fe000 Exception <a 'java/lang/NoSuchMethodError': Method sun.misc.Unsafe.defineClass(Ljava/lang/String;[BII)Ljava/lang/Class; name or signature does not match> (0x00000000eab0d948) thrown at [C:\re\workspace\8-2-build-windows-amd64-cygwin\jdk8u60\4407\hotspot\sr°äfp\²?
Event: 0.072 Thread 0x00000000023fe000 Exception <a 'java/lang/NoSuchMethodError': Method sun.misc.Unsafe.prefetchRead(Ljava/lang/Object;J)V name or signature does not match> (0x00000000eab0dc30) thrown at [C:\re\workspace\8-2-build-windows-amd64-cygwin\jdk8u60\4407\hotspot\src\share\vm\prims\j»­’ù(Có?
Event: 1.204 Thread 0x00000000023fe000 Implicit null exception at 0x000000000f350622 to 0x000000000f350712
Event: 2.134 Thread 0x00000000078a6000 Implicit null exception at 0x000000000f34b794 to 0x000000000f34ccb5
Event: 3.083 Thread 0x0000000007897800 Exception <a 'java/lang/ArrayIndexOutOfBoundsException': 18> (0x00000000eb503000) thrown at [C:\re\workspace\8-2-build-windows-amd64-cygwin\jdk8u60\4407\hotspot\src\share\vm\interpreter\interpreterRuntime.cpp, line 366]
Event: 3.084 Thread 0x0000000007897800 Exception <a 'java/lang/ArrayIndexOutOfBoundsException'> (0x00000000eb504b80) thrown at [C:\re\workspace\8-2-build-windows-amd64-cygwin\jdk8u60\4407\hotspot\src\share\vm\runtime\sharedRuntime.cpp, line 605]
Event: 3.088 Thread 0x0000000007897800 Exception <a 'java/lang/ArrayIndexOutOfBoundsException'> (0x00000000eb505e68) thrown at [C:\re\workspace\8-2-build-windows-amd64-cygwin\jdk8u60\4407\hotspot\src\share\vm\runtime\sharedRuntime.cpp, line 605]

Events (10 events):
Event: 3.088 loading class sun/reflect/generics/reflectiveObjects/TypeVariableImpl
Event: 3.088 loading class sun/reflect/generics/reflectiveObjects/LazyReflectiveObjectGenerator
Event: 3.088 loading class sun/reflect/generics/reflectiveObjects/LazyReflectiveObjectGenerator done
Event: 3.089 loading class sun/reflect/generics/reflectiveObjects/TypeVariableImpl done
Event: 3.089 Thread 0x0000000007897800 Uncommon trap: trap_request=0xffffff65 fr.pc=0x000000000f649618
Event: 3.089 Thread 0x0000000007897800 DEOPT PACKING pc=0x000000000f649618 sp=0x0000000007f2dc10
Event: 3.089 Thread 0x0000000007897800 DEOPT UNPACKING pc=0x000000000f05582a sp=0x0000000007f2db40 mode 2
Event: 3.089 Thread 0x0000000007897800 Uncommon trap: trap_request=0xffffff65 fr.pc=0x000000000f633d28
Event: 3.089 Thread 0x0000000007897800 DEOPT PACKING pc=0x000000000f633d28 sp=0x0000000007f2dde0
Event: 3.089 Thread 0x0000000007897800 DEOPT UNPACKING pc=0x000000000f05582a sp=0x0000000007f2dd80 mode 2


Dynamic libraries:
0x00007ff7de770000 - 0x00007ff7de7a7000 	C:\Program Files\Java\jdk1.8.0_60\bin\java.exe
0x00007ff82ea80000 - 0x00007ff82ec41000 	C:\WINDOWS\SYSTEM32\ntdll.dll
0x00007ff82ddc0000 - 0x00007ff82de6d000 	C:\WINDOWS\system32\KERNEL32.DLL
0x00007ff82b130000 - 0x00007ff82b318000 	C:\WINDOWS\system32\KERNELBASE.dll
0x00007ff82e550000 - 0x00007ff82e5f7000 	C:\WINDOWS\system32\ADVAPI32.dll
0x00007ff82e6a0000 - 0x00007ff82e73d000 	C:\WINDOWS\system32\msvcrt.dll
0x00007ff82d8c0000 - 0x00007ff82d91b000 	C:\WINDOWS\system32\sechost.dll
0x00007ff82dfe0000 - 0x00007ff82e0fc000 	C:\WINDOWS\system32\RPCRT4.dll
0x00007ff82d760000 - 0x00007ff82d8b6000 	C:\WINDOWS\system32\USER32.dll
0x00007ff82d5b0000 - 0x00007ff82d736000 	C:\WINDOWS\system32\GDI32.dll
0x00007ff825fe0000 - 0x00007ff826254000 	C:\WINDOWS\WinSxS\amd64_microsoft.windows.common-controls_6595b64144ccf1df_6.0.10586.494_none_a2d8b04ea53e3145\COMCTL32.dll
0x00007ff82e100000 - 0x00007ff82e37d000 	C:\WINDOWS\system32\combase.dll
0x00007ff82be10000 - 0x00007ff82be7a000 	C:\WINDOWS\system32\bcryptPrimitives.dll
0x00007ff82e600000 - 0x00007ff82e63b000 	C:\WINDOWS\system32\IMM32.DLL
0x00007ff82a060000 - 0x00007ff82a091000 	C:\Windows\system32\nvinitx.dll
0x00007ff82a050000 - 0x00007ff82a05a000 	C:\WINDOWS\SYSTEM32\VERSION.dll
0x000000000f000000 - 0x000000000f006000 	C:\Program Files\NVIDIA Corporation\CoProcManager\_etoured.dll
0x00007ff828ff0000 - 0x00007ff829022000 	C:\Program Files\NVIDIA Corporation\CoProcManager\nvd3d9wrapx.dll
0x00007ff82d920000 - 0x00007ff82dd49000 	C:\WINDOWS\system32\SETUPAPI.dll
0x00007ff82b320000 - 0x00007ff82b363000 	C:\WINDOWS\system32\CFGMGR32.dll
0x00007ff828fc0000 - 0x00007ff828fe2000 	C:\Program Files\NVIDIA Corporation\CoProcManager\nvdxgiwrapx.dll
0x000000006d310000 - 0x000000006d3e2000 	C:\Program Files\Java\jdk1.8.0_60\jre\bin\msvcr100.dll
0x000000006d790000 - 0x000000006e019000 	C:\Program Files\Java\jdk1.8.0_60\jre\bin\server\jvm.dll
0x00007ff82e380000 - 0x00007ff82e388000 	C:\WINDOWS\system32\PSAPI.DLL
0x00007ff811180000 - 0x00007ff811189000 	C:\WINDOWS\SYSTEM32\WSOCK32.dll
0x00007ff82dd50000 - 0x00007ff82ddbb000 	C:\WINDOWS\system32\WS2_32.dll
0x00007ff8292d0000 - 0x00007ff8292f3000 	C:\WINDOWS\SYSTEM32\WINMM.dll
0x0000000000ac0000 - 0x0000000000aec000 	C:\WINDOWS\SYSTEM32\WINMMBASE.dll
0x000000006d780000 - 0x000000006d78f000 	C:\Program Files\Java\jdk1.8.0_60\jre\bin\verify.dll
0x000000006d750000 - 0x000000006d779000 	C:\Program Files\Java\jdk1.8.0_60\jre\bin\java.dll
0x000000006d730000 - 0x000000006d746000 	C:\Program Files\Java\jdk1.8.0_60\jre\bin\zip.dll
0x00007ff82bf00000 - 0x00007ff82d45c000 	C:\WINDOWS\system32\SHELL32.dll
0x00007ff82b4b0000 - 0x00007ff82baf5000 	C:\WINDOWS\system32\windows.storage.dll
0x00007ff82e390000 - 0x00007ff82e3e2000 	C:\WINDOWS\system32\shlwapi.dll
0x00007ff82b0d0000 - 0x00007ff82b0df000 	C:\WINDOWS\system32\kernel.appcore.dll
0x00007ff82b3f0000 - 0x00007ff82b4a5000 	C:\WINDOWS\system32\shcore.dll
0x0000000002370000 - 0x00000000023bb000 	C:\WINDOWS\system32\powrprof.dll
0x00007ff82b0a0000 - 0x00007ff82b0b4000 	C:\WINDOWS\system32\profapi.dll

VM Arguments:
jvm_args: -Djava.awt.headless=true -Xmx1024M -Dfile.encoding=windows-1252 -Duser.country=ES -Duser.language=es -Duser.variant 
java_command: com.android.dx.command.Main --dex --force-jumbo --num-threads=4 --multi-dex --output C:\Users\Patrik\AndroidStudioProjects\RiverMonitor\app\build\intermediates\transforms\dex\debug\folders\1000\10\com.android.support-recyclerview-v7-24.2.0_ae8d3a4935803f33f5019364883fa4f8350e5456 C:\Users\Patrik\AndroidStudioProjects\RiverMonitor\app\build\intermediates\exploded-aar\com.android.support\recyclerview-v7\24.2.0\jars\classes.jar
java_class_path (initial): C:\Users\Patrik\AppData\Local\Android\sdk\build-tools\23.0.1\lib\dx.jar
Launcher Type: SUN_STANDARD

Environment Variables:
JAVA_HOME=C:\Program Files\Java\jdk1.8.0_60
PATH=C:\ProgramData\Oracle\Java\javapath;C:\Program Files (x86)\Intel\iCLS Client\;C:\Program Files\Intel\iCLS Client\;C:\Program Files (x86)\NVIDIA Corporation\PhysX\Common;C:\WINDOWS\system32;C:\WINDOWS;C:\WINDOWS\System32\Wbem;C:\WINDOWS\System32\WindowsPowerShell\v1.0\;C:\Program Files\Intel\Intel(R) Management Engine Components\DAL;C:\Program Files\Intel\Intel(R) Management Engine Components\IPT;C:\Program Files (x86)\Intel\Intel(R) Management Engine Components\DAL;C:\Program Files (x86)\Intel\Intel(R) Management Engine Components\IPT;C:\Program Files (x86)\Windows Kits\8.1\Windows Performance Toolkit\;C:\Program Files\Microsoft SQL Server\110\Tools\Binn\;C:\Program Files (x86)\Common Files\Plantronics\;C:\Program Files (x86)\Plantronics\MyHeadsetUpdater\;C:\Program Files (x86)\Plantronics\VoyagerEdge\;C:\Program Files (x86)\Skype\Phone\;C:\Program Files (x86)\Euroclear\Euroclear PKI Components\;C:\ProgramData\chocolatey\bin;C:\Program Files (x86)\QuickTime\QTSystem\
USERNAME=Patrik
OS=Windows_NT
PROCESSOR_IDENTIFIER=Intel64 Family 6 Model 58 Stepping 9, GenuineIntel



---------------  S Y S T E M  ---------------

OS: Windows 10.0 , 64 bit Build 10586 (10.0.10586.0)

CPU:total 4 (2 cores per cpu, 2 threads per core) family 6 model 58 stepping 9, cmov, cx8, fxsr, mmx, sse, sse2, sse3, ssse3, sse4.1, sse4.2, popcnt, avx, aes, clmul, erms, ht, tsc, tscinvbit, tscinv

Memory: 4k page, physical 12461416k(1450452k free), swap 12461416k(4144k free)

vm_info: Java HotSpot(TM) 64-Bit Server VM (25.60-b23) for windows-amd64 JRE (1.8.0_60-b27), built on Aug  4 2015 11:06:27 by "java_re" with MS VC++ 10.0 (VS2010)

time: Sun Aug 28 11:48:35 2016
elapsed time: 3 seconds (0d 0h 0m 3s)

